{"/Users/sselig/Library/CloudStorage/iCloud Drive/Documents/Professional/Job Search/Dough/dough/src/components/Button.js": {"path":"/Users/sselig/Library/CloudStorage/iCloud Drive/Documents/Professional/Job Search/Dough/dough/src/components/Button.js","statementMap":{"0":{"start":{"line":1,"column":42},"end":{"line":1,"column":97}},"1":{"start":{"line":1,"column":98},"end":{"line":1,"column":160}},"2":{"start":{"line":1,"column":160},"end":{"line":1,"column":188}},"3":{"start":{"line":1,"column":201},"end":{"line":1,"column":241}},"4":{"start":{"line":2,"column":33},"end":{"line":2,"column":96}},"5":{"start":{"line":3,"column":19},"end":{"line":3,"column":42}},"6":{"start":{"line":12,"column":14},"end":{"line":12,"column":34}},"7":{"start":{"line":12,"column":54},"end":{"line":12,"column":174}},"8":{"start":{"line":14,"column":19},"end":{"line":14,"column":21}},"9":{"start":{"line":17,"column":16},"end":{"line":17,"column":60}},"10":{"start":{"line":19,"column":2},"end":{"line":23,"column":3}},"11":{"start":{"line":20,"column":4},"end":{"line":21,"column":174}},"12":{"start":{"line":27,"column":2},"end":{"line":119,"column":3}},"13":{"start":{"line":28,"column":24},"end":{"line":41,"column":36}},"14":{"start":{"line":43,"column":20},"end":{"line":58,"column":31}},"15":{"start":{"line":62,"column":4},"end":{"line":69,"column":38}},"16":{"start":{"line":73,"column":20},"end":{"line":73,"column":71}},"17":{"start":{"line":75,"column":4},"end":{"line":77,"column":13}},"18":{"start":{"line":79,"column":4},"end":{"line":83,"column":5}},"19":{"start":{"line":80,"column":6},"end":{"line":82,"column":83}},"20":{"start":{"line":85,"column":4},"end":{"line":87,"column":5}},"21":{"start":{"line":86,"column":6},"end":{"line":86,"column":53}},"22":{"start":{"line":89,"column":4},"end":{"line":116,"column":56}},"23":{"start":{"line":121,"column":2},"end":{"line":133,"column":14}},"24":{"start":{"line":138,"column":13},"end":{"line":138,"column":15}},"25":{"start":{"line":139,"column":19},"end":{"line":139,"column":21}},"26":{"start":{"line":140,"column":19},"end":{"line":140,"column":21}},"27":{"start":{"line":142,"column":13},"end":{"line":204,"column":33}}},"fnMap":{"0":{"name":"RNSButton","decl":{"start":{"line":16,"column":9},"end":{"line":16,"column":18}},"loc":{"start":{"line":16,"column":26},"end":{"line":136,"column":1}},"line":16}},"branchMap":{"0":{"loc":{"start":{"line":17,"column":16},"end":{"line":17,"column":60}},"type":"binary-expr","locations":[{"start":{"line":17,"column":16},"end":{"line":17,"column":29}},{"start":{"line":17,"column":33},"end":{"line":17,"column":60}}],"line":17},"1":{"loc":{"start":{"line":19,"column":2},"end":{"line":23,"column":3}},"type":"if","locations":[{"start":{"line":19,"column":2},"end":{"line":23,"column":3}},{"start":{"line":19,"column":2},"end":{"line":23,"column":3}}],"line":19},"2":{"loc":{"start":{"line":27,"column":2},"end":{"line":119,"column":3}},"type":"if","locations":[{"start":{"line":27,"column":2},"end":{"line":119,"column":3}},{"start":{"line":27,"column":2},"end":{"line":119,"column":3}}],"line":27},"3":{"loc":{"start":{"line":30,"column":4},"end":{"line":30,"column":37}},"type":"binary-expr","locations":[{"start":{"line":30,"column":4},"end":{"line":30,"column":15}},{"start":{"line":30,"column":19},"end":{"line":30,"column":37}}],"line":30},"4":{"loc":{"start":{"line":32,"column":4},"end":{"line":33,"column":43}},"type":"binary-expr","locations":[{"start":{"line":32,"column":4},"end":{"line":32,"column":17}},{"start":{"line":32,"column":21},"end":{"line":33,"column":43}}],"line":32},"5":{"loc":{"start":{"line":35,"column":4},"end":{"line":36,"column":45}},"type":"binary-expr","locations":[{"start":{"line":35,"column":4},"end":{"line":35,"column":19}},{"start":{"line":35,"column":23},"end":{"line":36,"column":45}}],"line":35},"6":{"loc":{"start":{"line":38,"column":4},"end":{"line":39,"column":34}},"type":"binary-expr","locations":[{"start":{"line":38,"column":4},"end":{"line":38,"column":17}},{"start":{"line":38,"column":21},"end":{"line":39,"column":34}}],"line":38},"7":{"loc":{"start":{"line":41,"column":4},"end":{"line":41,"column":35}},"type":"binary-expr","locations":[{"start":{"line":41,"column":4},"end":{"line":41,"column":17}},{"start":{"line":41,"column":21},"end":{"line":41,"column":35}}],"line":41},"8":{"loc":{"start":{"line":45,"column":4},"end":{"line":45,"column":38}},"type":"binary-expr","locations":[{"start":{"line":45,"column":4},"end":{"line":45,"column":15}},{"start":{"line":45,"column":19},"end":{"line":45,"column":38}}],"line":45},"9":{"loc":{"start":{"line":47,"column":4},"end":{"line":47,"column":34}},"type":"binary-expr","locations":[{"start":{"line":47,"column":4},"end":{"line":47,"column":8}},{"start":{"line":47,"column":12},"end":{"line":47,"column":34}}],"line":47},"10":{"loc":{"start":{"line":48,"column":4},"end":{"line":49,"column":37}},"type":"binary-expr","locations":[{"start":{"line":48,"column":4},"end":{"line":48,"column":17}},{"start":{"line":48,"column":21},"end":{"line":49,"column":37}}],"line":48},"11":{"loc":{"start":{"line":51,"column":4},"end":{"line":52,"column":39}},"type":"binary-expr","locations":[{"start":{"line":51,"column":4},"end":{"line":51,"column":19}},{"start":{"line":51,"column":23},"end":{"line":52,"column":39}}],"line":51},"12":{"loc":{"start":{"line":54,"column":4},"end":{"line":55,"column":28}},"type":"binary-expr","locations":[{"start":{"line":54,"column":4},"end":{"line":54,"column":17}},{"start":{"line":54,"column":21},"end":{"line":55,"column":28}}],"line":54},"13":{"loc":{"start":{"line":57,"column":4},"end":{"line":58,"column":30}},"type":"binary-expr","locations":[{"start":{"line":57,"column":4},"end":{"line":57,"column":19}},{"start":{"line":57,"column":23},"end":{"line":58,"column":30}}],"line":57},"14":{"loc":{"start":{"line":64,"column":4},"end":{"line":64,"column":123}},"type":"binary-expr","locations":[{"start":{"line":64,"column":4},"end":{"line":64,"column":8}},{"start":{"line":64,"column":12},"end":{"line":64,"column":123}}],"line":64},"15":{"loc":{"start":{"line":65,"column":4},"end":{"line":65,"column":155}},"type":"binary-expr","locations":[{"start":{"line":65,"column":4},"end":{"line":65,"column":17}},{"start":{"line":65,"column":21},"end":{"line":65,"column":155}}],"line":65},"16":{"loc":{"start":{"line":66,"column":4},"end":{"line":67,"column":136}},"type":"binary-expr","locations":[{"start":{"line":66,"column":4},"end":{"line":66,"column":18}},{"start":{"line":66,"column":22},"end":{"line":66,"column":35}},{"start":{"line":67,"column":4},"end":{"line":67,"column":136}}],"line":66},"17":{"loc":{"start":{"line":69,"column":4},"end":{"line":69,"column":36}},"type":"binary-expr","locations":[{"start":{"line":69,"column":4},"end":{"line":69,"column":18}},{"start":{"line":69,"column":22},"end":{"line":69,"column":36}}],"line":69},"18":{"loc":{"start":{"line":73,"column":20},"end":{"line":73,"column":71}},"type":"binary-expr","locations":[{"start":{"line":73,"column":20},"end":{"line":73,"column":33}},{"start":{"line":73,"column":37},"end":{"line":73,"column":51}},{"start":{"line":73,"column":55},"end":{"line":73,"column":71}}],"line":73},"19":{"loc":{"start":{"line":75,"column":4},"end":{"line":77,"column":13}},"type":"cond-expr","locations":[{"start":{"line":76,"column":4},"end":{"line":76,"column":48}},{"start":{"line":77,"column":4},"end":{"line":77,"column":13}}],"line":75},"20":{"loc":{"start":{"line":75,"column":4},"end":{"line":75,"column":48}},"type":"binary-expr","locations":[{"start":{"line":75,"column":4},"end":{"line":75,"column":25}},{"start":{"line":75,"column":29},"end":{"line":75,"column":48}}],"line":75},"21":{"loc":{"start":{"line":79,"column":4},"end":{"line":83,"column":5}},"type":"if","locations":[{"start":{"line":79,"column":4},"end":{"line":83,"column":5}},{"start":{"line":79,"column":4},"end":{"line":83,"column":5}}],"line":79},"22":{"loc":{"start":{"line":80,"column":22},"end":{"line":82,"column":82}},"type":"cond-expr","locations":[{"start":{"line":81,"column":6},"end":{"line":81,"column":78}},{"start":{"line":82,"column":6},"end":{"line":82,"column":82}}],"line":80},"23":{"loc":{"start":{"line":85,"column":4},"end":{"line":87,"column":5}},"type":"if","locations":[{"start":{"line":85,"column":4},"end":{"line":87,"column":5}},{"start":{"line":85,"column":4},"end":{"line":87,"column":5}}],"line":85},"24":{"loc":{"start":{"line":96,"column":6},"end":{"line":96,"column":39}},"type":"binary-expr","locations":[{"start":{"line":96,"column":6},"end":{"line":96,"column":17}},{"start":{"line":96,"column":21},"end":{"line":96,"column":39}}],"line":96},"25":{"loc":{"start":{"line":98,"column":6},"end":{"line":98,"column":53}},"type":"binary-expr","locations":[{"start":{"line":98,"column":6},"end":{"line":98,"column":19}},{"start":{"line":98,"column":23},"end":{"line":98,"column":53}}],"line":98},"26":{"loc":{"start":{"line":99,"column":6},"end":{"line":99,"column":35}},"type":"binary-expr","locations":[{"start":{"line":99,"column":6},"end":{"line":99,"column":18}},{"start":{"line":99,"column":22},"end":{"line":99,"column":35}}],"line":99},"27":{"loc":{"start":{"line":102,"column":4},"end":{"line":102,"column":124}},"type":"binary-expr","locations":[{"start":{"line":102,"column":4},"end":{"line":102,"column":8}},{"start":{"line":102,"column":12},"end":{"line":102,"column":124}}],"line":102},"28":{"loc":{"start":{"line":103,"column":4},"end":{"line":103,"column":156}},"type":"binary-expr","locations":[{"start":{"line":103,"column":4},"end":{"line":103,"column":17}},{"start":{"line":103,"column":21},"end":{"line":103,"column":156}}],"line":103},"29":{"loc":{"start":{"line":104,"column":4},"end":{"line":113,"column":12}},"type":"binary-expr","locations":[{"start":{"line":104,"column":4},"end":{"line":104,"column":18}},{"start":{"line":104,"column":22},"end":{"line":104,"column":35}},{"start":{"line":105,"column":4},"end":{"line":113,"column":12}}],"line":104},"30":{"loc":{"start":{"line":108,"column":6},"end":{"line":108,"column":40}},"type":"binary-expr","locations":[{"start":{"line":108,"column":6},"end":{"line":108,"column":17}},{"start":{"line":108,"column":21},"end":{"line":108,"column":40}}],"line":108},"31":{"loc":{"start":{"line":109,"column":6},"end":{"line":109,"column":36}},"type":"binary-expr","locations":[{"start":{"line":109,"column":6},"end":{"line":109,"column":10}},{"start":{"line":109,"column":14},"end":{"line":109,"column":36}}],"line":109},"32":{"loc":{"start":{"line":116,"column":4},"end":{"line":116,"column":54}},"type":"binary-expr","locations":[{"start":{"line":116,"column":4},"end":{"line":116,"column":18}},{"start":{"line":116,"column":22},"end":{"line":116,"column":36}},{"start":{"line":116,"column":40},"end":{"line":116,"column":54}}],"line":116},"33":{"loc":{"start":{"line":128,"column":6},"end":{"line":128,"column":42}},"type":"binary-expr","locations":[{"start":{"line":128,"column":6},"end":{"line":128,"column":17}},{"start":{"line":128,"column":21},"end":{"line":128,"column":42}}],"line":128},"34":{"loc":{"start":{"line":129,"column":6},"end":{"line":129,"column":42}},"type":"binary-expr","locations":[{"start":{"line":129,"column":6},"end":{"line":129,"column":17}},{"start":{"line":129,"column":21},"end":{"line":129,"column":42}}],"line":129}},"s":{"0":0,"1":0,"2":0,"3":0,"4":0,"5":0,"6":0,"7":0,"8":0,"9":0,"10":0,"11":0,"12":0,"13":0,"14":0,"15":0,"16":0,"17":0,"18":0,"19":0,"20":0,"21":0,"22":0,"23":0,"24":0,"25":0,"26":0,"27":0},"f":{"0":0},"b":{"0":[0,0],"1":[0,0],"2":[0,0],"3":[0,0],"4":[0,0],"5":[0,0],"6":[0,0],"7":[0,0],"8":[0,0],"9":[0,0],"10":[0,0],"11":[0,0],"12":[0,0],"13":[0,0],"14":[0,0],"15":[0,0],"16":[0,0,0],"17":[0,0],"18":[0,0,0],"19":[0,0],"20":[0,0],"21":[0,0],"22":[0,0],"23":[0,0],"24":[0,0],"25":[0,0],"26":[0,0],"27":[0,0],"28":[0,0],"29":[0,0,0],"30":[0,0],"31":[0,0],"32":[0,0,0],"33":[0,0],"34":[0,0]},"hash":"caf34b8f5bd8abb0a12d6db4fe3262b6602ebf04"}
,"/Users/sselig/Library/CloudStorage/iCloud Drive/Documents/Professional/Job Search/Dough/dough/src/components/Dropdown.js": {"path":"/Users/sselig/Library/CloudStorage/iCloud Drive/Documents/Professional/Job Search/Dough/dough/src/components/Dropdown.js","statementMap":{"0":{"start":{"line":1,"column":42},"end":{"line":1,"column":97}},"1":{"start":{"line":1,"column":98},"end":{"line":1,"column":160}},"2":{"start":{"line":1,"column":160},"end":{"line":1,"column":185}},"3":{"start":{"line":1,"column":208},"end":{"line":1,"column":280}},"4":{"start":{"line":1,"column":301},"end":{"line":1,"column":370}},"5":{"start":{"line":1,"column":405},"end":{"line":1,"column":488}},"6":{"start":{"line":1,"column":512},"end":{"line":1,"column":584}},"7":{"start":{"line":1,"column":602},"end":{"line":1,"column":668}},"8":{"start":{"line":1,"column":682},"end":{"line":1,"column":722}},"9":{"start":{"line":2,"column":32},"end":{"line":2,"column":94}},"10":{"start":{"line":3,"column":19},"end":{"line":3,"column":91}},"11":{"start":{"line":5,"column":19},"end":{"line":5,"column":42}},"12":{"start":{"line":7,"column":14},"end":{"line":7,"column":34}},"13":{"start":{"line":7,"column":54},"end":{"line":7,"column":176}},"14":{"start":{"line":9,"column":14},"end":{"line":82,"column":56}},"15":{"start":{"line":9,"column":43},"end":{"line":9,"column":98}},"16":{"start":{"line":9,"column":153},"end":{"line":9,"column":202}},"17":{"start":{"line":9,"column":202},"end":{"line":9,"column":322}},"18":{"start":{"line":9,"column":218},"end":{"line":9,"column":234}},"19":{"start":{"line":9,"column":243},"end":{"line":9,"column":258}},"20":{"start":{"line":9,"column":267},"end":{"line":9,"column":268}},"21":{"start":{"line":9,"column":292},"end":{"line":9,"column":321}},"22":{"start":{"line":9,"column":322},"end":{"line":9,"column":492}},"23":{"start":{"line":9,"column":492},"end":{"line":18,"column":24}},"24":{"start":{"line":18,"column":24},"end":{"line":23,"column":6}},"25":{"start":{"line":22,"column":6},"end":{"line":22,"column":41}},"26":{"start":{"line":23,"column":6},"end":{"line":27,"column":6}},"27":{"start":{"line":26,"column":6},"end":{"line":26,"column":42}},"28":{"start":{"line":27,"column":6},"end":{"line":27,"column":19}},"29":{"start":{"line":27,"column":20},"end":{"line":82,"column":10}},"30":{"start":{"line":38,"column":6},"end":{"line":38,"column":16}},"31":{"start":{"line":38,"column":25},"end":{"line":38,"column":42}},"32":{"start":{"line":38,"column":51},"end":{"line":38,"column":68}},"33":{"start":{"line":38,"column":80},"end":{"line":38,"column":100}},"34":{"start":{"line":38,"column":109},"end":{"line":38,"column":126}},"35":{"start":{"line":38,"column":141},"end":{"line":38,"column":164}},"36":{"start":{"line":38,"column":181},"end":{"line":38,"column":206}},"37":{"start":{"line":38,"column":221},"end":{"line":38,"column":244}},"38":{"start":{"line":39,"column":6},"end":{"line":77,"column":89}},"39":{"start":{"line":55,"column":12},"end":{"line":55,"column":28}},"40":{"start":{"line":57,"column":12},"end":{"line":57,"column":29}},"41":{"start":{"line":58,"column":12},"end":{"line":58,"column":26}},"42":{"start":{"line":60,"column":47},"end":{"line":62,"column":153}},"43":{"start":{"line":82,"column":10},"end":{"line":82,"column":29}},"44":{"start":{"line":82,"column":57},"end":{"line":82,"column":207}},"45":{"start":{"line":85,"column":13},"end":{"line":97,"column":22}},"46":{"start":{"line":101,"column":0},"end":{"line":101,"column":11}},"47":{"start":{"line":101,"column":12},"end":{"line":101,"column":39}}},"fnMap":{"0":{"name":"(anonymous_0)","decl":{"start":{"line":9,"column":14},"end":{"line":9,"column":15}},"loc":{"start":{"line":9,"column":42},"end":{"line":82,"column":30}},"line":9},"1":{"name":"RNSDropDown","decl":{"start":{"line":9,"column":107},"end":{"line":9,"column":118}},"loc":{"start":{"line":9,"column":121},"end":{"line":27,"column":20}},"line":9},"2":{"name":"(anonymous_2)","decl":{"start":{"line":21,"column":17},"end":{"line":21,"column":18}},"loc":{"start":{"line":21,"column":29},"end":{"line":23,"column":5}},"line":21},"3":{"name":"(anonymous_3)","decl":{"start":{"line":25,"column":18},"end":{"line":25,"column":19}},"loc":{"start":{"line":25,"column":30},"end":{"line":27,"column":5}},"line":25},"4":{"name":"render","decl":{"start":{"line":27,"column":94},"end":{"line":27,"column":100}},"loc":{"start":{"line":29,"column":4},"end":{"line":82,"column":5}},"line":29},"5":{"name":"adjustFrame","decl":{"start":{"line":53,"column":32},"end":{"line":53,"column":43}},"loc":{"start":{"line":53,"column":52},"end":{"line":59,"column":11}},"line":53},"6":{"name":"renderRow","decl":{"start":{"line":60,"column":30},"end":{"line":60,"column":39}},"loc":{"start":{"line":60,"column":46},"end":{"line":62,"column":154}},"line":60}},"branchMap":{"0":{"loc":{"start":{"line":67,"column":84},"end":{"line":67,"column":98}},"type":"binary-expr","locations":[{"start":{"line":67,"column":84},"end":{"line":67,"column":89}},{"start":{"line":67,"column":93},"end":{"line":67,"column":98}}],"line":67},"1":{"loc":{"start":{"line":69,"column":8},"end":{"line":71,"column":19}},"type":"cond-expr","locations":[{"start":{"line":70,"column":8},"end":{"line":70,"column":28}},{"start":{"line":71,"column":8},"end":{"line":71,"column":19}}],"line":69},"2":{"loc":{"start":{"line":69,"column":8},"end":{"line":69,"column":50}},"type":"binary-expr","locations":[{"start":{"line":69,"column":8},"end":{"line":69,"column":26}},{"start":{"line":69,"column":30},"end":{"line":69,"column":50}}],"line":69},"3":{"loc":{"start":{"line":74,"column":16},"end":{"line":74,"column":63}},"type":"cond-expr","locations":[{"start":{"line":74,"column":38},"end":{"line":74,"column":48}},{"start":{"line":74,"column":51},"end":{"line":74,"column":63}}],"line":74}},"s":{"0":0,"1":0,"2":0,"3":0,"4":0,"5":0,"6":0,"7":0,"8":0,"9":0,"10":0,"11":0,"12":0,"13":0,"14":0,"15":0,"16":0,"17":0,"18":0,"19":0,"20":0,"21":0,"22":0,"23":0,"24":0,"25":0,"26":0,"27":0,"28":0,"29":0,"30":0,"31":0,"32":0,"33":0,"34":0,"35":0,"36":0,"37":0,"38":0,"39":0,"40":0,"41":0,"42":0,"43":0,"44":0,"45":0,"46":0,"47":0},"f":{"0":0,"1":0,"2":0,"3":0,"4":0,"5":0,"6":0},"b":{"0":[0,0],"1":[0,0],"2":[0,0],"3":[0,0]},"hash":"5781202741465c3a1472cb0caa5fe38fd2cfc758"}
,"/Users/sselig/Library/CloudStorage/iCloud Drive/Documents/Professional/Job Search/Dough/dough/src/components/GridRow.js": {"path":"/Users/sselig/Library/CloudStorage/iCloud Drive/Documents/Professional/Job Search/Dough/dough/src/components/GridRow.js","statementMap":{"0":{"start":{"line":1,"column":42},"end":{"line":1,"column":97}},"1":{"start":{"line":1,"column":128},"end":{"line":1,"column":184}},"2":{"start":{"line":1,"column":185},"end":{"line":1,"column":247}},"3":{"start":{"line":1,"column":247},"end":{"line":1,"column":272}},"4":{"start":{"line":1,"column":288},"end":{"line":1,"column":353}},"5":{"start":{"line":1,"column":377},"end":{"line":1,"column":449}},"6":{"start":{"line":1,"column":470},"end":{"line":1,"column":539}},"7":{"start":{"line":1,"column":574},"end":{"line":1,"column":657}},"8":{"start":{"line":1,"column":681},"end":{"line":1,"column":753}},"9":{"start":{"line":1,"column":771},"end":{"line":1,"column":837}},"10":{"start":{"line":1,"column":851},"end":{"line":1,"column":892}},"11":{"start":{"line":2,"column":19},"end":{"line":2,"column":42}},"12":{"start":{"line":3,"column":14},"end":{"line":3,"column":55}},"13":{"start":{"line":3,"column":75},"end":{"line":3,"column":196}},"14":{"start":{"line":14,"column":2},"end":{"line":14,"column":201}},"15":{"start":{"line":14,"column":56},"end":{"line":14,"column":198}},"16":{"start":{"line":19,"column":10},"end":{"line":30,"column":52}},"17":{"start":{"line":19,"column":39},"end":{"line":19,"column":90}},"18":{"start":{"line":19,"column":110},"end":{"line":19,"column":155}},"19":{"start":{"line":19,"column":155},"end":{"line":19,"column":272}},"20":{"start":{"line":19,"column":273},"end":{"line":30,"column":10}},"21":{"start":{"line":21,"column":6},"end":{"line":21,"column":16}},"22":{"start":{"line":21,"column":28},"end":{"line":21,"column":48}},"23":{"start":{"line":21,"column":59},"end":{"line":21,"column":78}},"24":{"start":{"line":22,"column":33},"end":{"line":22,"column":74}},"25":{"start":{"line":24,"column":6},"end":{"line":27,"column":55}},"26":{"start":{"line":30,"column":10},"end":{"line":30,"column":25}},"27":{"start":{"line":49,"column":0},"end":{"line":70,"column":2}},"28":{"start":{"line":49,"column":68},"end":{"line":49,"column":163}},"29":{"start":{"line":50,"column":20},"end":{"line":66,"column":34}},"30":{"start":{"line":53,"column":21},"end":{"line":53,"column":54}},"31":{"start":{"line":54,"column":22},"end":{"line":54,"column":44}},"32":{"start":{"line":56,"column":4},"end":{"line":60,"column":5}},"33":{"start":{"line":57,"column":6},"end":{"line":57,"column":22}},"34":{"start":{"line":58,"column":6},"end":{"line":58,"column":32}},"35":{"start":{"line":59,"column":6},"end":{"line":59,"column":35}},"36":{"start":{"line":62,"column":4},"end":{"line":62,"column":41}},"37":{"start":{"line":63,"column":4},"end":{"line":63,"column":29}},"38":{"start":{"line":64,"column":4},"end":{"line":64,"column":18}},"39":{"start":{"line":69,"column":2},"end":{"line":69,"column":26}},"40":{"start":{"line":72,"column":0},"end":{"line":72,"column":7}},"41":{"start":{"line":72,"column":8},"end":{"line":72,"column":35}}},"fnMap":{"0":{"name":"renderPlaceholderViews","decl":{"start":{"line":13,"column":9},"end":{"line":13,"column":31}},"loc":{"start":{"line":13,"column":39},"end":{"line":15,"column":1}},"line":13},"1":{"name":"(anonymous_1)","decl":{"start":{"line":14,"column":38},"end":{"line":14,"column":39}},"loc":{"start":{"line":14,"column":55},"end":{"line":14,"column":199}},"line":14},"2":{"name":"(anonymous_2)","decl":{"start":{"line":19,"column":10},"end":{"line":19,"column":11}},"loc":{"start":{"line":19,"column":38},"end":{"line":30,"column":26}},"line":19},"3":{"name":"GridRow","decl":{"start":{"line":19,"column":99},"end":{"line":19,"column":106}},"loc":{"start":{"line":19,"column":109},"end":{"line":19,"column":273}},"line":19},"4":{"name":"render","decl":{"start":{"line":19,"column":343},"end":{"line":19,"column":349}},"loc":{"start":{"line":20,"column":4},"end":{"line":30,"column":5}},"line":20},"5":{"name":"(anonymous_5)","decl":{"start":{"line":49,"column":22},"end":{"line":49,"column":23}},"loc":{"start":{"line":49,"column":47},"end":{"line":70,"column":1}},"line":49},"6":{"name":"(anonymous_6)","decl":{"start":{"line":52,"column":2},"end":{"line":52,"column":3}},"loc":{"start":{"line":52,"column":29},"end":{"line":65,"column":3}},"line":52}},"branchMap":{"0":{"loc":{"start":{"line":49,"column":68},"end":{"line":49,"column":163}},"type":"cond-expr","locations":[{"start":{"line":49,"column":121},"end":{"line":49,"column":133}},{"start":{"line":49,"column":136},"end":{"line":49,"column":163}}],"line":49},"1":{"loc":{"start":{"line":49,"column":68},"end":{"line":49,"column":118}},"type":"binary-expr","locations":[{"start":{"line":49,"column":68},"end":{"line":49,"column":88}},{"start":{"line":49,"column":92},"end":{"line":49,"column":118}}],"line":49},"2":{"loc":{"start":{"line":56,"column":4},"end":{"line":60,"column":5}},"type":"if","locations":[{"start":{"line":56,"column":4},"end":{"line":60,"column":5}},{"start":{"line":56,"column":4},"end":{"line":60,"column":5}}],"line":56},"3":{"loc":{"start":{"line":56,"column":8},"end":{"line":56,"column":68}},"type":"binary-expr","locations":[{"start":{"line":56,"column":8},"end":{"line":56,"column":19}},{"start":{"line":56,"column":23},"end":{"line":56,"column":68}}],"line":56}},"s":{"0":0,"1":0,"2":0,"3":0,"4":0,"5":0,"6":0,"7":0,"8":0,"9":0,"10":0,"11":0,"12":0,"13":0,"14":0,"15":0,"16":0,"17":0,"18":0,"19":0,"20":0,"21":0,"22":0,"23":0,"24":0,"25":0,"26":0,"27":0,"28":0,"29":0,"30":0,"31":0,"32":0,"33":0,"34":0,"35":0,"36":0,"37":0,"38":0,"39":0,"40":0,"41":0},"f":{"0":0,"1":0,"2":0,"3":0,"4":0,"5":0,"6":0},"b":{"0":[0,0],"1":[0,0],"2":[0,0],"3":[0,0]},"hash":"8bf7e13bcdc79e7575567118924f8cfb4ada6d1e"}
,"/Users/sselig/Library/CloudStorage/iCloud Drive/Documents/Professional/Job Search/Dough/dough/src/components/RadioGroup.js": {"path":"/Users/sselig/Library/CloudStorage/iCloud Drive/Documents/Professional/Job Search/Dough/dough/src/components/RadioGroup.js","statementMap":{"0":{"start":{"line":1,"column":42},"end":{"line":1,"column":97}},"1":{"start":{"line":1,"column":98},"end":{"line":1,"column":160}},"2":{"start":{"line":1,"column":160},"end":{"line":1,"column":192}},"3":{"start":{"line":1,"column":205},"end":{"line":1,"column":245}},"4":{"start":{"line":3,"column":19},"end":{"line":3,"column":42}},"5":{"start":{"line":5,"column":14},"end":{"line":5,"column":34}},"6":{"start":{"line":5,"column":54},"end":{"line":5,"column":178}},"7":{"start":{"line":13,"column":13},"end":{"line":13,"column":23}},"8":{"start":{"line":13,"column":40},"end":{"line":13,"column":58}},"9":{"start":{"line":13,"column":70},"end":{"line":13,"column":83}},"10":{"start":{"line":13,"column":92},"end":{"line":13,"column":102}},"11":{"start":{"line":13,"column":115},"end":{"line":13,"column":129}},"12":{"start":{"line":14,"column":2},"end":{"line":61,"column":9}},"13":{"start":{"line":20,"column":21},"end":{"line":20,"column":26}},"14":{"start":{"line":21,"column":6},"end":{"line":22,"column":22}},"15":{"start":{"line":22,"column":6},"end":{"line":22,"column":22}},"16":{"start":{"line":24,"column":24},"end":{"line":24,"column":41}},"17":{"start":{"line":25,"column":6},"end":{"line":25,"column":62}},"18":{"start":{"line":25,"column":21},"end":{"line":25,"column":62}},"19":{"start":{"line":27,"column":28},"end":{"line":27,"column":45}},"20":{"start":{"line":28,"column":6},"end":{"line":28,"column":66}},"21":{"start":{"line":28,"column":21},"end":{"line":28,"column":66}},"22":{"start":{"line":30,"column":6},"end":{"line":55,"column":94}},"23":{"start":{"line":32,"column":39},"end":{"line":32,"column":62}},"24":{"start":{"line":66,"column":13},"end":{"line":104,"column":37}}},"fnMap":{"0":{"name":"RNSRadioGroup","decl":{"start":{"line":7,"column":9},"end":{"line":7,"column":22}},"loc":{"start":{"line":13,"column":0},"end":{"line":64,"column":1}},"line":13},"1":{"name":"(anonymous_1)","decl":{"start":{"line":19,"column":14},"end":{"line":19,"column":15}},"loc":{"start":{"line":19,"column":37},"end":{"line":61,"column":5}},"line":19},"2":{"name":"onPress","decl":{"start":{"line":32,"column":28},"end":{"line":32,"column":35}},"loc":{"start":{"line":32,"column":38},"end":{"line":32,"column":63}},"line":32}},"branchMap":{"0":{"loc":{"start":{"line":16,"column":32},"end":{"line":16,"column":61}},"type":"binary-expr","locations":[{"start":{"line":16,"column":32},"end":{"line":16,"column":41}},{"start":{"line":16,"column":45},"end":{"line":16,"column":61}}],"line":16},"1":{"loc":{"start":{"line":16,"column":63},"end":{"line":16,"column":77}},"type":"binary-expr","locations":[{"start":{"line":16,"column":63},"end":{"line":16,"column":68}},{"start":{"line":16,"column":72},"end":{"line":16,"column":77}}],"line":16},"2":{"loc":{"start":{"line":18,"column":4},"end":{"line":61,"column":6}},"type":"binary-expr","locations":[{"start":{"line":18,"column":4},"end":{"line":18,"column":9}},{"start":{"line":19,"column":4},"end":{"line":61,"column":6}}],"line":18},"3":{"loc":{"start":{"line":21,"column":6},"end":{"line":22,"column":22}},"type":"if","locations":[{"start":{"line":21,"column":6},"end":{"line":22,"column":22}},{"start":{"line":21,"column":6},"end":{"line":22,"column":22}}],"line":21},"4":{"loc":{"start":{"line":21,"column":10},"end":{"line":21,"column":64}},"type":"binary-expr","locations":[{"start":{"line":21,"column":10},"end":{"line":21,"column":37}},{"start":{"line":21,"column":41},"end":{"line":21,"column":64}}],"line":21},"5":{"loc":{"start":{"line":25,"column":6},"end":{"line":25,"column":62}},"type":"if","locations":[{"start":{"line":25,"column":6},"end":{"line":25,"column":62}},{"start":{"line":25,"column":6},"end":{"line":25,"column":62}}],"line":25},"6":{"loc":{"start":{"line":28,"column":6},"end":{"line":28,"column":66}},"type":"if","locations":[{"start":{"line":28,"column":6},"end":{"line":28,"column":66}},{"start":{"line":28,"column":6},"end":{"line":28,"column":66}}],"line":28},"7":{"loc":{"start":{"line":33,"column":15},"end":{"line":33,"column":30}},"type":"binary-expr","locations":[{"start":{"line":33,"column":15},"end":{"line":33,"column":22}},{"start":{"line":33,"column":26},"end":{"line":33,"column":30}}],"line":33},"8":{"loc":{"start":{"line":36,"column":10},"end":{"line":36,"column":43}},"type":"binary-expr","locations":[{"start":{"line":36,"column":10},"end":{"line":36,"column":19}},{"start":{"line":36,"column":23},"end":{"line":36,"column":43}}],"line":36},"9":{"loc":{"start":{"line":37,"column":10},"end":{"line":37,"column":33}},"type":"binary-expr","locations":[{"start":{"line":37,"column":10},"end":{"line":37,"column":18}},{"start":{"line":37,"column":22},"end":{"line":37,"column":33}}],"line":37},"10":{"loc":{"start":{"line":43,"column":10},"end":{"line":43,"column":43}},"type":"binary-expr","locations":[{"start":{"line":43,"column":10},"end":{"line":43,"column":19}},{"start":{"line":43,"column":23},"end":{"line":43,"column":43}}],"line":43},"11":{"loc":{"start":{"line":44,"column":10},"end":{"line":44,"column":37}},"type":"binary-expr","locations":[{"start":{"line":44,"column":10},"end":{"line":44,"column":18}},{"start":{"line":44,"column":22},"end":{"line":44,"column":37}}],"line":44},"12":{"loc":{"start":{"line":47,"column":8},"end":{"line":47,"column":26}},"type":"binary-expr","locations":[{"start":{"line":47,"column":8},"end":{"line":47,"column":18}},{"start":{"line":47,"column":22},"end":{"line":47,"column":26}}],"line":47},"13":{"loc":{"start":{"line":49,"column":8},"end":{"line":55,"column":91}},"type":"binary-expr","locations":[{"start":{"line":49,"column":8},"end":{"line":49,"column":17}},{"start":{"line":49,"column":21},"end":{"line":49,"column":29}},{"start":{"line":50,"column":8},"end":{"line":55,"column":91}}],"line":49}},"s":{"0":0,"1":0,"2":0,"3":0,"4":0,"5":0,"6":0,"7":0,"8":0,"9":0,"10":0,"11":0,"12":0,"13":0,"14":0,"15":0,"16":0,"17":0,"18":0,"19":0,"20":0,"21":0,"22":0,"23":0,"24":0},"f":{"0":0,"1":0,"2":0},"b":{"0":[0,0],"1":[0,0],"2":[0,0],"3":[0,0],"4":[0,0],"5":[0,0],"6":[0,0],"7":[0,0],"8":[0,0],"9":[0,0],"10":[0,0],"11":[0,0],"12":[0,0],"13":[0,0,0]},"hash":"0257bf0d4aad5f13a9e5ed2e7f514618df9bd0d2"}
,"/Users/sselig/Library/CloudStorage/iCloud Drive/Documents/Professional/Job Search/Dough/dough/src/components/SegmentedControl.js": {"path":"/Users/sselig/Library/CloudStorage/iCloud Drive/Documents/Professional/Job Search/Dough/dough/src/components/SegmentedControl.js","statementMap":{"0":{"start":{"line":1,"column":42},"end":{"line":1,"column":97}},"1":{"start":{"line":1,"column":98},"end":{"line":1,"column":160}},"2":{"start":{"line":1,"column":160},"end":{"line":1,"column":185}},"3":{"start":{"line":1,"column":208},"end":{"line":1,"column":280}},"4":{"start":{"line":6,"column":13},"end":{"line":6,"column":53}},"5":{"start":{"line":7,"column":19},"end":{"line":7,"column":42}},"6":{"start":{"line":7,"column":62},"end":{"line":7,"column":192}},"7":{"start":{"line":7,"column":246},"end":{"line":7,"column":265}},"8":{"start":{"line":7,"column":266},"end":{"line":7,"column":511}},"9":{"start":{"line":7,"column":315},"end":{"line":7,"column":351}},"10":{"start":{"line":7,"column":352},"end":{"line":7,"column":479}},"11":{"start":{"line":7,"column":372},"end":{"line":7,"column":479}},"12":{"start":{"line":7,"column":413},"end":{"line":7,"column":476}},"13":{"start":{"line":7,"column":479},"end":{"line":7,"column":510}},"14":{"start":{"line":7,"column":511},"end":{"line":7,"column":523}},"15":{"start":{"line":7,"column":556},"end":{"line":7,"column":1025}},"16":{"start":{"line":7,"column":569},"end":{"line":7,"column":570}},"17":{"start":{"line":7,"column":613},"end":{"line":7,"column":653}},"18":{"start":{"line":7,"column":654},"end":{"line":7,"column":1024}},"19":{"start":{"line":7,"column":666},"end":{"line":7,"column":771}},"20":{"start":{"line":7,"column":712},"end":{"line":7,"column":768}},"21":{"start":{"line":7,"column":778},"end":{"line":7,"column":1024}},"22":{"start":{"line":7,"column":817},"end":{"line":7,"column":891}},"23":{"start":{"line":7,"column":899},"end":{"line":7,"column":1023}},"24":{"start":{"line":7,"column":939},"end":{"line":7,"column":1020}},"25":{"start":{"line":7,"column":1025},"end":{"line":7,"column":1039}},"26":{"start":{"line":16,"column":26},"end":{"line":35,"column":1}},"27":{"start":{"line":23,"column":12},"end":{"line":23,"column":21}},"28":{"start":{"line":23,"column":31},"end":{"line":23,"column":42}},"29":{"start":{"line":23,"column":59},"end":{"line":23,"column":77}},"30":{"start":{"line":23,"column":95},"end":{"line":23,"column":114}},"31":{"start":{"line":23,"column":126},"end":{"line":23,"column":139}},"32":{"start":{"line":23,"column":148},"end":{"line":23,"column":158}},"33":{"start":{"line":24,"column":17},"end":{"line":31,"column":122}},"34":{"start":{"line":24,"column":53},"end":{"line":31,"column":120}},"35":{"start":{"line":31,"column":37},"end":{"line":31,"column":60}},"36":{"start":{"line":34,"column":2},"end":{"line":34,"column":159}},"37":{"start":{"line":37,"column":42},"end":{"line":37,"column":58}},"38":{"start":{"line":37,"column":69},"end":{"line":37,"column":82}},"39":{"start":{"line":37,"column":100},"end":{"line":37,"column":120}},"40":{"start":{"line":37,"column":129},"end":{"line":37,"column":140}},"41":{"start":{"line":37,"column":148},"end":{"line":37,"column":158}},"42":{"start":{"line":39,"column":2},"end":{"line":41,"column":3}},"43":{"start":{"line":40,"column":4},"end":{"line":40,"column":58}},"44":{"start":{"line":43,"column":2},"end":{"line":45,"column":3}},"45":{"start":{"line":44,"column":4},"end":{"line":44,"column":50}},"46":{"start":{"line":46,"column":14},"end":{"line":46,"column":42}},"47":{"start":{"line":48,"column":28},"end":{"line":48,"column":38}},"48":{"start":{"line":49,"column":2},"end":{"line":51,"column":3}},"49":{"start":{"line":50,"column":4},"end":{"line":50,"column":41}},"50":{"start":{"line":53,"column":2},"end":{"line":65,"column":164}},"51":{"start":{"line":70,"column":13},"end":{"line":70,"column":15}},"52":{"start":{"line":72,"column":13},"end":{"line":119,"column":42}},"53":{"start":{"line":123,"column":0},"end":{"line":123,"column":19}},"54":{"start":{"line":123,"column":20},"end":{"line":123,"column":47}}},"fnMap":{"0":{"name":"ownKeys","decl":{"start":{"line":7,"column":202},"end":{"line":7,"column":209}},"loc":{"start":{"line":7,"column":234},"end":{"line":7,"column":524}},"line":7},"1":{"name":"(anonymous_1)","decl":{"start":{"line":7,"column":397},"end":{"line":7,"column":398}},"loc":{"start":{"line":7,"column":412},"end":{"line":7,"column":477}},"line":7},"2":{"name":"_objectSpread","decl":{"start":{"line":7,"column":533},"end":{"line":7,"column":546}},"loc":{"start":{"line":7,"column":555},"end":{"line":7,"column":1040}},"line":7},"3":{"name":"(anonymous_3)","decl":{"start":{"line":7,"column":696},"end":{"line":7,"column":697}},"loc":{"start":{"line":7,"column":711},"end":{"line":7,"column":769}},"line":7},"4":{"name":"(anonymous_4)","decl":{"start":{"line":7,"column":923},"end":{"line":7,"column":924}},"loc":{"start":{"line":7,"column":938},"end":{"line":7,"column":1021}},"line":7},"5":{"name":"RNSSegmentedControl","decl":{"start":{"line":16,"column":35},"end":{"line":16,"column":54}},"loc":{"start":{"line":23,"column":0},"end":{"line":35,"column":1}},"line":23},"6":{"name":"(anonymous_6)","decl":{"start":{"line":24,"column":28},"end":{"line":24,"column":29}},"loc":{"start":{"line":24,"column":52},"end":{"line":31,"column":121}},"line":24},"7":{"name":"onPress","decl":{"start":{"line":31,"column":26},"end":{"line":31,"column":33}},"loc":{"start":{"line":31,"column":36},"end":{"line":31,"column":61}},"line":31},"8":{"name":"Segment","decl":{"start":{"line":37,"column":9},"end":{"line":37,"column":16}},"loc":{"start":{"line":37,"column":24},"end":{"line":68,"column":1}},"line":37}},"branchMap":{"0":{"loc":{"start":{"line":7,"column":266},"end":{"line":7,"column":511}},"type":"if","locations":[{"start":{"line":7,"column":266},"end":{"line":7,"column":511}},{"start":{"line":7,"column":266},"end":{"line":7,"column":511}}],"line":7},"1":{"loc":{"start":{"line":7,"column":352},"end":{"line":7,"column":479}},"type":"if","locations":[{"start":{"line":7,"column":352},"end":{"line":7,"column":479}},{"start":{"line":7,"column":352},"end":{"line":7,"column":479}}],"line":7},"2":{"loc":{"start":{"line":7,"column":613},"end":{"line":7,"column":653}},"type":"cond-expr","locations":[{"start":{"line":7,"column":636},"end":{"line":7,"column":648}},{"start":{"line":7,"column":651},"end":{"line":7,"column":653}}],"line":7},"3":{"loc":{"start":{"line":7,"column":654},"end":{"line":7,"column":1024}},"type":"if","locations":[{"start":{"line":7,"column":654},"end":{"line":7,"column":1024}},{"start":{"line":7,"column":654},"end":{"line":7,"column":1024}}],"line":7},"4":{"loc":{"start":{"line":7,"column":778},"end":{"line":7,"column":1024}},"type":"if","locations":[{"start":{"line":7,"column":778},"end":{"line":7,"column":1024}},{"start":{"line":7,"column":778},"end":{"line":7,"column":1024}}],"line":7},"5":{"loc":{"start":{"line":39,"column":2},"end":{"line":41,"column":3}},"type":"if","locations":[{"start":{"line":39,"column":2},"end":{"line":41,"column":3}},{"start":{"line":39,"column":2},"end":{"line":41,"column":3}}],"line":39},"6":{"loc":{"start":{"line":43,"column":2},"end":{"line":45,"column":3}},"type":"if","locations":[{"start":{"line":43,"column":2},"end":{"line":45,"column":3}},{"start":{"line":43,"column":2},"end":{"line":45,"column":3}}],"line":43},"7":{"loc":{"start":{"line":43,"column":6},"end":{"line":43,"column":59}},"type":"binary-expr","locations":[{"start":{"line":43,"column":6},"end":{"line":43,"column":17}},{"start":{"line":43,"column":21},"end":{"line":43,"column":59}}],"line":43},"8":{"loc":{"start":{"line":46,"column":14},"end":{"line":46,"column":42}},"type":"binary-expr","locations":[{"start":{"line":46,"column":14},"end":{"line":46,"column":19}},{"start":{"line":46,"column":23},"end":{"line":46,"column":42}}],"line":46},"9":{"loc":{"start":{"line":49,"column":2},"end":{"line":51,"column":3}},"type":"if","locations":[{"start":{"line":49,"column":2},"end":{"line":51,"column":3}},{"start":{"line":49,"column":2},"end":{"line":51,"column":3}}],"line":49},"10":{"loc":{"start":{"line":60,"column":6},"end":{"line":60,"column":42}},"type":"binary-expr","locations":[{"start":{"line":60,"column":6},"end":{"line":60,"column":24}},{"start":{"line":60,"column":28},"end":{"line":60,"column":42}}],"line":60},"11":{"loc":{"start":{"line":61,"column":6},"end":{"line":61,"column":46}},"type":"binary-expr","locations":[{"start":{"line":61,"column":6},"end":{"line":61,"column":26}},{"start":{"line":61,"column":30},"end":{"line":61,"column":46}}],"line":61}},"s":{"0":0,"1":0,"2":0,"3":0,"4":0,"5":0,"6":0,"7":0,"8":0,"9":0,"10":0,"11":0,"12":0,"13":0,"14":0,"15":0,"16":0,"17":0,"18":0,"19":0,"20":0,"21":0,"22":0,"23":0,"24":0,"25":0,"26":0,"27":0,"28":0,"29":0,"30":0,"31":0,"32":0,"33":0,"34":0,"35":0,"36":0,"37":0,"38":0,"39":0,"40":0,"41":0,"42":0,"43":0,"44":0,"45":0,"46":0,"47":0,"48":0,"49":0,"50":0,"51":0,"52":0,"53":0,"54":0},"f":{"0":0,"1":0,"2":0,"3":0,"4":0,"5":0,"6":0,"7":0,"8":0},"b":{"0":[0,0],"1":[0,0],"2":[0,0],"3":[0,0],"4":[0,0],"5":[0,0],"6":[0,0],"7":[0,0],"8":[0,0],"9":[0,0],"10":[0,0],"11":[0,0]},"hash":"73cef9d632dbc7bb3626fbdc28430f0bf8765b0b"}
,"/Users/sselig/Library/CloudStorage/iCloud Drive/Documents/Professional/Job Search/Dough/dough/src/components/StyledText.js": {"path":"/Users/sselig/Library/CloudStorage/iCloud Drive/Documents/Professional/Job Search/Dough/dough/src/components/StyledText.js","statementMap":{"0":{"start":{"line":1,"column":42},"end":{"line":1,"column":97}},"1":{"start":{"line":1,"column":98},"end":{"line":1,"column":160}},"2":{"start":{"line":1,"column":160},"end":{"line":1,"column":180}},"3":{"start":{"line":1,"column":180},"end":{"line":1,"column":202}},"4":{"start":{"line":1,"column":202},"end":{"line":1,"column":228}},"5":{"start":{"line":1,"column":244},"end":{"line":1,"column":309}},"6":{"start":{"line":1,"column":336},"end":{"line":1,"column":411}},"7":{"start":{"line":1,"column":425},"end":{"line":1,"column":465}},"8":{"start":{"line":2,"column":19},"end":{"line":2,"column":42}},"9":{"start":{"line":4,"column":14},"end":{"line":4,"column":34}},"10":{"start":{"line":4,"column":54},"end":{"line":4,"column":178}},"11":{"start":{"line":16,"column":13},"end":{"line":16,"column":23}},"12":{"start":{"line":16,"column":31},"end":{"line":16,"column":40}},"13":{"start":{"line":16,"column":49},"end":{"line":16,"column":59}},"14":{"start":{"line":16,"column":68},"end":{"line":16,"column":78}},"15":{"start":{"line":16,"column":91},"end":{"line":16,"column":105}},"16":{"start":{"line":16,"column":116},"end":{"line":16,"column":128}},"17":{"start":{"line":16,"column":143},"end":{"line":16,"column":159}},"18":{"start":{"line":16,"column":168},"end":{"line":16,"column":178}},"19":{"start":{"line":16,"column":186},"end":{"line":16,"column":195}},"20":{"start":{"line":17,"column":2},"end":{"line":26,"column":30}},"21":{"start":{"line":31,"column":19},"end":{"line":31,"column":103}},"22":{"start":{"line":33,"column":2},"end":{"line":33,"column":169}},"23":{"start":{"line":37,"column":19},"end":{"line":40,"column":29}},"24":{"start":{"line":43,"column":2},"end":{"line":43,"column":169}},"25":{"start":{"line":47,"column":19},"end":{"line":50,"column":29}},"26":{"start":{"line":53,"column":2},"end":{"line":53,"column":169}},"27":{"start":{"line":56,"column":13},"end":{"line":81,"column":36}}},"fnMap":{"0":{"name":"applyGeneralStyles","decl":{"start":{"line":6,"column":9},"end":{"line":6,"column":27}},"loc":{"start":{"line":16,"column":0},"end":{"line":28,"column":1}},"line":16},"1":{"name":"Text","decl":{"start":{"line":30,"column":9},"end":{"line":30,"column":13}},"loc":{"start":{"line":30,"column":21},"end":{"line":34,"column":1}},"line":30},"2":{"name":"Title","decl":{"start":{"line":36,"column":9},"end":{"line":36,"column":14}},"loc":{"start":{"line":36,"column":22},"end":{"line":44,"column":1}},"line":36},"3":{"name":"Caption","decl":{"start":{"line":46,"column":9},"end":{"line":46,"column":16}},"loc":{"start":{"line":46,"column":24},"end":{"line":54,"column":1}},"line":46}},"branchMap":{"0":{"loc":{"start":{"line":18,"column":2},"end":{"line":18,"column":16}},"type":"binary-expr","locations":[{"start":{"line":18,"column":2},"end":{"line":18,"column":7}},{"start":{"line":18,"column":11},"end":{"line":18,"column":16}}],"line":18},"1":{"loc":{"start":{"line":19,"column":2},"end":{"line":19,"column":21}},"type":"binary-expr","locations":[{"start":{"line":19,"column":2},"end":{"line":19,"column":6}},{"start":{"line":19,"column":10},"end":{"line":19,"column":21}}],"line":19},"2":{"loc":{"start":{"line":20,"column":2},"end":{"line":20,"column":23}},"type":"binary-expr","locations":[{"start":{"line":20,"column":2},"end":{"line":20,"column":7}},{"start":{"line":20,"column":11},"end":{"line":20,"column":23}}],"line":20},"3":{"loc":{"start":{"line":21,"column":2},"end":{"line":21,"column":23}},"type":"binary-expr","locations":[{"start":{"line":21,"column":2},"end":{"line":21,"column":7}},{"start":{"line":21,"column":11},"end":{"line":21,"column":23}}],"line":21},"4":{"loc":{"start":{"line":22,"column":2},"end":{"line":22,"column":31}},"type":"binary-expr","locations":[{"start":{"line":22,"column":2},"end":{"line":22,"column":11}},{"start":{"line":22,"column":15},"end":{"line":22,"column":31}}],"line":22},"5":{"loc":{"start":{"line":23,"column":2},"end":{"line":23,"column":36}},"type":"binary-expr","locations":[{"start":{"line":23,"column":2},"end":{"line":23,"column":9}},{"start":{"line":23,"column":13},"end":{"line":23,"column":36}}],"line":23},"6":{"loc":{"start":{"line":24,"column":2},"end":{"line":24,"column":35}},"type":"binary-expr","locations":[{"start":{"line":24,"column":2},"end":{"line":24,"column":13}},{"start":{"line":24,"column":17},"end":{"line":24,"column":35}}],"line":24},"7":{"loc":{"start":{"line":25,"column":2},"end":{"line":25,"column":27}},"type":"binary-expr","locations":[{"start":{"line":25,"column":2},"end":{"line":25,"column":7}},{"start":{"line":25,"column":11},"end":{"line":25,"column":27}}],"line":25},"8":{"loc":{"start":{"line":26,"column":2},"end":{"line":26,"column":28}},"type":"binary-expr","locations":[{"start":{"line":26,"column":2},"end":{"line":26,"column":6}},{"start":{"line":26,"column":10},"end":{"line":26,"column":28}}],"line":26}},"s":{"0":0,"1":0,"2":0,"3":0,"4":0,"5":0,"6":0,"7":0,"8":0,"9":0,"10":0,"11":0,"12":0,"13":0,"14":0,"15":0,"16":0,"17":0,"18":0,"19":0,"20":0,"21":0,"22":0,"23":0,"24":0,"25":0,"26":0,"27":0},"f":{"0":0,"1":0,"2":0,"3":0},"b":{"0":[0,0],"1":[0,0],"2":[0,0],"3":[0,0],"4":[0,0],"5":[0,0],"6":[0,0],"7":[0,0],"8":[0,0]},"hash":"528e660939a1ac381d4dcb46ee4ecceb02a30c14"}
,"/Users/sselig/Library/CloudStorage/iCloud Drive/Documents/Professional/Job Search/Dough/dough/src/components/TextInput.js": {"path":"/Users/sselig/Library/CloudStorage/iCloud Drive/Documents/Professional/Job Search/Dough/dough/src/components/TextInput.js","statementMap":{"0":{"start":{"line":1,"column":42},"end":{"line":1,"column":97}},"1":{"start":{"line":1,"column":98},"end":{"line":1,"column":160}},"2":{"start":{"line":1,"column":160},"end":{"line":1,"column":185}},"3":{"start":{"line":1,"column":208},"end":{"line":1,"column":280}},"4":{"start":{"line":1,"column":297},"end":{"line":1,"column":362}},"5":{"start":{"line":1,"column":395},"end":{"line":1,"column":476}},"6":{"start":{"line":1,"column":490},"end":{"line":1,"column":530}},"7":{"start":{"line":2,"column":19},"end":{"line":2,"column":42}},"8":{"start":{"line":4,"column":14},"end":{"line":4,"column":34}},"9":{"start":{"line":4,"column":54},"end":{"line":4,"column":177}},"10":{"start":{"line":4,"column":231},"end":{"line":4,"column":250}},"11":{"start":{"line":4,"column":251},"end":{"line":4,"column":496}},"12":{"start":{"line":4,"column":300},"end":{"line":4,"column":336}},"13":{"start":{"line":4,"column":337},"end":{"line":4,"column":464}},"14":{"start":{"line":4,"column":357},"end":{"line":4,"column":464}},"15":{"start":{"line":4,"column":398},"end":{"line":4,"column":461}},"16":{"start":{"line":4,"column":464},"end":{"line":4,"column":495}},"17":{"start":{"line":4,"column":496},"end":{"line":4,"column":508}},"18":{"start":{"line":4,"column":541},"end":{"line":4,"column":1010}},"19":{"start":{"line":4,"column":554},"end":{"line":4,"column":555}},"20":{"start":{"line":4,"column":598},"end":{"line":4,"column":638}},"21":{"start":{"line":4,"column":639},"end":{"line":4,"column":1009}},"22":{"start":{"line":4,"column":651},"end":{"line":4,"column":756}},"23":{"start":{"line":4,"column":697},"end":{"line":4,"column":753}},"24":{"start":{"line":4,"column":763},"end":{"line":4,"column":1009}},"25":{"start":{"line":4,"column":802},"end":{"line":4,"column":876}},"26":{"start":{"line":4,"column":884},"end":{"line":4,"column":1008}},"27":{"start":{"line":4,"column":924},"end":{"line":4,"column":1005}},"28":{"start":{"line":4,"column":1010},"end":{"line":4,"column":1024}},"29":{"start":{"line":6,"column":19},"end":{"line":33,"column":1}},"30":{"start":{"line":12,"column":12},"end":{"line":12,"column":21}},"31":{"start":{"line":12,"column":29},"end":{"line":12,"column":38}},"32":{"start":{"line":12,"column":47},"end":{"line":12,"column":57}},"33":{"start":{"line":12,"column":81},"end":{"line":12,"column":106}},"34":{"start":{"line":12,"column":119},"end":{"line":12,"column":214}},"35":{"start":{"line":13,"column":19},"end":{"line":17,"column":17}},"36":{"start":{"line":20,"column":2},"end":{"line":29,"column":162}},"37":{"start":{"line":35,"column":13},"end":{"line":35,"column":15}},"38":{"start":{"line":37,"column":13},"end":{"line":60,"column":39}},"39":{"start":{"line":64,"column":0},"end":{"line":64,"column":12}},"40":{"start":{"line":64,"column":13},"end":{"line":64,"column":40}}},"fnMap":{"0":{"name":"ownKeys","decl":{"start":{"line":4,"column":187},"end":{"line":4,"column":194}},"loc":{"start":{"line":4,"column":219},"end":{"line":4,"column":509}},"line":4},"1":{"name":"(anonymous_1)","decl":{"start":{"line":4,"column":382},"end":{"line":4,"column":383}},"loc":{"start":{"line":4,"column":397},"end":{"line":4,"column":462}},"line":4},"2":{"name":"_objectSpread","decl":{"start":{"line":4,"column":518},"end":{"line":4,"column":531}},"loc":{"start":{"line":4,"column":540},"end":{"line":4,"column":1025}},"line":4},"3":{"name":"(anonymous_3)","decl":{"start":{"line":4,"column":681},"end":{"line":4,"column":682}},"loc":{"start":{"line":4,"column":696},"end":{"line":4,"column":754}},"line":4},"4":{"name":"(anonymous_4)","decl":{"start":{"line":4,"column":908},"end":{"line":4,"column":909}},"loc":{"start":{"line":4,"column":923},"end":{"line":4,"column":1006}},"line":4},"5":{"name":"RNSTextInput","decl":{"start":{"line":6,"column":28},"end":{"line":6,"column":40}},"loc":{"start":{"line":12,"column":0},"end":{"line":33,"column":1}},"line":12}},"branchMap":{"0":{"loc":{"start":{"line":4,"column":251},"end":{"line":4,"column":496}},"type":"if","locations":[{"start":{"line":4,"column":251},"end":{"line":4,"column":496}},{"start":{"line":4,"column":251},"end":{"line":4,"column":496}}],"line":4},"1":{"loc":{"start":{"line":4,"column":337},"end":{"line":4,"column":464}},"type":"if","locations":[{"start":{"line":4,"column":337},"end":{"line":4,"column":464}},{"start":{"line":4,"column":337},"end":{"line":4,"column":464}}],"line":4},"2":{"loc":{"start":{"line":4,"column":598},"end":{"line":4,"column":638}},"type":"cond-expr","locations":[{"start":{"line":4,"column":621},"end":{"line":4,"column":633}},{"start":{"line":4,"column":636},"end":{"line":4,"column":638}}],"line":4},"3":{"loc":{"start":{"line":4,"column":639},"end":{"line":4,"column":1009}},"type":"if","locations":[{"start":{"line":4,"column":639},"end":{"line":4,"column":1009}},{"start":{"line":4,"column":639},"end":{"line":4,"column":1009}}],"line":4},"4":{"loc":{"start":{"line":4,"column":763},"end":{"line":4,"column":1009}},"type":"if","locations":[{"start":{"line":4,"column":763},"end":{"line":4,"column":1009}},{"start":{"line":4,"column":763},"end":{"line":4,"column":1009}}],"line":4},"5":{"loc":{"start":{"line":15,"column":2},"end":{"line":15,"column":40}},"type":"binary-expr","locations":[{"start":{"line":15,"column":2},"end":{"line":15,"column":21}},{"start":{"line":15,"column":25},"end":{"line":15,"column":40}}],"line":15},"6":{"loc":{"start":{"line":16,"column":2},"end":{"line":16,"column":21}},"type":"binary-expr","locations":[{"start":{"line":16,"column":2},"end":{"line":16,"column":6}},{"start":{"line":16,"column":10},"end":{"line":16,"column":21}}],"line":16},"7":{"loc":{"start":{"line":17,"column":2},"end":{"line":17,"column":16}},"type":"binary-expr","locations":[{"start":{"line":17,"column":2},"end":{"line":17,"column":7}},{"start":{"line":17,"column":11},"end":{"line":17,"column":16}}],"line":17},"8":{"loc":{"start":{"line":23,"column":28},"end":{"line":23,"column":72}},"type":"binary-expr","locations":[{"start":{"line":23,"column":28},"end":{"line":23,"column":48}},{"start":{"line":23,"column":52},"end":{"line":23,"column":72}}],"line":23},"9":{"loc":{"start":{"line":28,"column":4},"end":{"line":29,"column":159}},"type":"binary-expr","locations":[{"start":{"line":28,"column":4},"end":{"line":28,"column":38}},{"start":{"line":29,"column":4},"end":{"line":29,"column":159}}],"line":28}},"s":{"0":0,"1":0,"2":0,"3":0,"4":0,"5":0,"6":0,"7":0,"8":0,"9":0,"10":0,"11":0,"12":0,"13":0,"14":0,"15":0,"16":0,"17":0,"18":0,"19":0,"20":0,"21":0,"22":0,"23":0,"24":0,"25":0,"26":0,"27":0,"28":0,"29":0,"30":0,"31":0,"32":0,"33":0,"34":0,"35":0,"36":0,"37":0,"38":0,"39":0,"40":0},"f":{"0":0,"1":0,"2":0,"3":0,"4":0,"5":0},"b":{"0":[0,0],"1":[0,0],"2":[0,0],"3":[0,0],"4":[0,0],"5":[0,0],"6":[0,0],"7":[0,0],"8":[0,0],"9":[0,0]},"hash":"ecd683f3744838adac8ac0af70c91db588a8310f"}
,"/Users/sselig/Library/CloudStorage/iCloud Drive/Documents/Professional/Job Search/Dough/dough/src/components/index.js": {"path":"/Users/sselig/Library/CloudStorage/iCloud Drive/Documents/Professional/Job Search/Dough/dough/src/components/index.js","statementMap":{"0":{"start":{"line":1,"column":42},"end":{"line":1,"column":97}},"1":{"start":{"line":1,"column":98},"end":{"line":1,"column":160}},"2":{"start":{"line":1,"column":160},"end":{"line":1,"column":270}},"3":{"start":{"line":1,"column":242},"end":{"line":1,"column":265}},"4":{"start":{"line":1,"column":270},"end":{"line":1,"column":388}},"5":{"start":{"line":1,"column":356},"end":{"line":1,"column":383}},"6":{"start":{"line":1,"column":388},"end":{"line":1,"column":502}},"7":{"start":{"line":1,"column":472},"end":{"line":1,"column":497}},"8":{"start":{"line":1,"column":502},"end":{"line":1,"column":614}},"9":{"start":{"line":1,"column":585},"end":{"line":1,"column":609}},"10":{"start":{"line":1,"column":614},"end":{"line":1,"column":730}},"11":{"start":{"line":1,"column":699},"end":{"line":1,"column":725}},"12":{"start":{"line":1,"column":730},"end":{"line":1,"column":860}},"13":{"start":{"line":1,"column":822},"end":{"line":1,"column":855}},"14":{"start":{"line":2,"column":14},"end":{"line":2,"column":57}},"15":{"start":{"line":3,"column":18},"end":{"line":3,"column":65}},"16":{"start":{"line":4,"column":16},"end":{"line":4,"column":61}},"17":{"start":{"line":5,"column":15},"end":{"line":5,"column":59}},"18":{"start":{"line":6,"column":17},"end":{"line":6,"column":63}},"19":{"start":{"line":7,"column":24},"end":{"line":7,"column":77}}},"fnMap":{"0":{"name":"get","decl":{"start":{"line":1,"column":235},"end":{"line":1,"column":238}},"loc":{"start":{"line":1,"column":241},"end":{"line":1,"column":266}},"line":1},"1":{"name":"get","decl":{"start":{"line":1,"column":349},"end":{"line":1,"column":352}},"loc":{"start":{"line":1,"column":355},"end":{"line":1,"column":384}},"line":1},"2":{"name":"get","decl":{"start":{"line":1,"column":465},"end":{"line":1,"column":468}},"loc":{"start":{"line":1,"column":471},"end":{"line":1,"column":498}},"line":1},"3":{"name":"get","decl":{"start":{"line":1,"column":578},"end":{"line":1,"column":581}},"loc":{"start":{"line":1,"column":584},"end":{"line":1,"column":610}},"line":1},"4":{"name":"get","decl":{"start":{"line":1,"column":692},"end":{"line":1,"column":695}},"loc":{"start":{"line":1,"column":698},"end":{"line":1,"column":726}},"line":1},"5":{"name":"get","decl":{"start":{"line":1,"column":815},"end":{"line":1,"column":818}},"loc":{"start":{"line":1,"column":821},"end":{"line":1,"column":856}},"line":1}},"branchMap":{},"s":{"0":0,"1":0,"2":0,"3":0,"4":0,"5":0,"6":0,"7":0,"8":0,"9":0,"10":0,"11":0,"12":0,"13":0,"14":0,"15":0,"16":0,"17":0,"18":0,"19":0},"f":{"0":0,"1":0,"2":0,"3":0,"4":0,"5":0},"b":{},"hash":"0274333864de678e3ce2518a35464584901632d6"}
,"/Users/sselig/Library/CloudStorage/iCloud Drive/Documents/Professional/Job Search/Dough/dough/src/modules/AppState.js": {"path":"/Users/sselig/Library/CloudStorage/iCloud Drive/Documents/Professional/Job Search/Dough/dough/src/modules/AppState.js","statementMap":{"0":{"start":{"line":1,"column":42},"end":{"line":1,"column":97}},"1":{"start":{"line":1,"column":98},"end":{"line":1,"column":160}},"2":{"start":{"line":1,"column":160},"end":{"line":1,"column":196}},"3":{"start":{"line":1,"column":196},"end":{"line":1,"column":230}},"4":{"start":{"line":1,"column":230},"end":{"line":1,"column":285}},"5":{"start":{"line":1,"column":308},"end":{"line":1,"column":380}},"6":{"start":{"line":1,"column":434},"end":{"line":1,"column":453}},"7":{"start":{"line":1,"column":454},"end":{"line":1,"column":699}},"8":{"start":{"line":1,"column":503},"end":{"line":1,"column":539}},"9":{"start":{"line":1,"column":540},"end":{"line":1,"column":667}},"10":{"start":{"line":1,"column":560},"end":{"line":1,"column":667}},"11":{"start":{"line":1,"column":601},"end":{"line":1,"column":664}},"12":{"start":{"line":1,"column":667},"end":{"line":1,"column":698}},"13":{"start":{"line":1,"column":699},"end":{"line":1,"column":711}},"14":{"start":{"line":1,"column":744},"end":{"line":1,"column":1213}},"15":{"start":{"line":1,"column":757},"end":{"line":1,"column":758}},"16":{"start":{"line":1,"column":801},"end":{"line":1,"column":841}},"17":{"start":{"line":1,"column":842},"end":{"line":1,"column":1212}},"18":{"start":{"line":1,"column":854},"end":{"line":1,"column":959}},"19":{"start":{"line":1,"column":900},"end":{"line":1,"column":956}},"20":{"start":{"line":1,"column":966},"end":{"line":1,"column":1212}},"21":{"start":{"line":1,"column":1005},"end":{"line":1,"column":1079}},"22":{"start":{"line":1,"column":1087},"end":{"line":1,"column":1211}},"23":{"start":{"line":1,"column":1127},"end":{"line":1,"column":1208}},"24":{"start":{"line":1,"column":1213},"end":{"line":1,"column":1227}},"25":{"start":{"line":11,"column":19},"end":{"line":12,"column":21}},"26":{"start":{"line":12,"column":22},"end":{"line":12,"column":58}},"27":{"start":{"line":15,"column":21},"end":{"line":15,"column":46}},"28":{"start":{"line":15,"column":47},"end":{"line":15,"column":87}},"29":{"start":{"line":18,"column":2},"end":{"line":19,"column":27}},"30":{"start":{"line":26,"column":13},"end":{"line":26,"column":93}},"31":{"start":{"line":26,"column":107},"end":{"line":26,"column":154}},"32":{"start":{"line":27,"column":2},"end":{"line":34,"column":20}},"33":{"start":{"line":29,"column":6},"end":{"line":31,"column":30}},"34":{"start":{"line":34,"column":6},"end":{"line":34,"column":19}}},"fnMap":{"0":{"name":"ownKeys","decl":{"start":{"line":1,"column":390},"end":{"line":1,"column":397}},"loc":{"start":{"line":1,"column":422},"end":{"line":1,"column":712}},"line":1},"1":{"name":"(anonymous_1)","decl":{"start":{"line":1,"column":585},"end":{"line":1,"column":586}},"loc":{"start":{"line":1,"column":600},"end":{"line":1,"column":665}},"line":1},"2":{"name":"_objectSpread","decl":{"start":{"line":1,"column":721},"end":{"line":1,"column":734}},"loc":{"start":{"line":1,"column":743},"end":{"line":1,"column":1228}},"line":1},"3":{"name":"(anonymous_3)","decl":{"start":{"line":1,"column":884},"end":{"line":1,"column":885}},"loc":{"start":{"line":1,"column":899},"end":{"line":1,"column":957}},"line":1},"4":{"name":"(anonymous_4)","decl":{"start":{"line":1,"column":1111},"end":{"line":1,"column":1112}},"loc":{"start":{"line":1,"column":1126},"end":{"line":1,"column":1209}},"line":1},"5":{"name":"setAppOpened","decl":{"start":{"line":17,"column":9},"end":{"line":17,"column":21}},"loc":{"start":{"line":17,"column":24},"end":{"line":21,"column":1}},"line":17},"6":{"name":"AppStateReducer","decl":{"start":{"line":23,"column":9},"end":{"line":23,"column":24}},"loc":{"start":{"line":26,"column":0},"end":{"line":36,"column":1}},"line":26}},"branchMap":{"0":{"loc":{"start":{"line":1,"column":454},"end":{"line":1,"column":699}},"type":"if","locations":[{"start":{"line":1,"column":454},"end":{"line":1,"column":699}},{"start":{"line":1,"column":454},"end":{"line":1,"column":699}}],"line":1},"1":{"loc":{"start":{"line":1,"column":540},"end":{"line":1,"column":667}},"type":"if","locations":[{"start":{"line":1,"column":540},"end":{"line":1,"column":667}},{"start":{"line":1,"column":540},"end":{"line":1,"column":667}}],"line":1},"2":{"loc":{"start":{"line":1,"column":801},"end":{"line":1,"column":841}},"type":"cond-expr","locations":[{"start":{"line":1,"column":824},"end":{"line":1,"column":836}},{"start":{"line":1,"column":839},"end":{"line":1,"column":841}}],"line":1},"3":{"loc":{"start":{"line":1,"column":842},"end":{"line":1,"column":1212}},"type":"if","locations":[{"start":{"line":1,"column":842},"end":{"line":1,"column":1212}},{"start":{"line":1,"column":842},"end":{"line":1,"column":1212}}],"line":1},"4":{"loc":{"start":{"line":1,"column":966},"end":{"line":1,"column":1212}},"type":"if","locations":[{"start":{"line":1,"column":966},"end":{"line":1,"column":1212}},{"start":{"line":1,"column":966},"end":{"line":1,"column":1212}}],"line":1},"5":{"loc":{"start":{"line":26,"column":13},"end":{"line":26,"column":93}},"type":"cond-expr","locations":[{"start":{"line":26,"column":66},"end":{"line":26,"column":78}},{"start":{"line":26,"column":81},"end":{"line":26,"column":93}}],"line":26},"6":{"loc":{"start":{"line":26,"column":13},"end":{"line":26,"column":63}},"type":"binary-expr","locations":[{"start":{"line":26,"column":13},"end":{"line":26,"column":33}},{"start":{"line":26,"column":37},"end":{"line":26,"column":63}}],"line":26},"7":{"loc":{"start":{"line":26,"column":107},"end":{"line":26,"column":154}},"type":"cond-expr","locations":[{"start":{"line":26,"column":130},"end":{"line":26,"column":142}},{"start":{"line":26,"column":145},"end":{"line":26,"column":154}}],"line":26},"8":{"loc":{"start":{"line":27,"column":2},"end":{"line":34,"column":20}},"type":"switch","locations":[{"start":{"line":28,"column":4},"end":{"line":31,"column":30}},{"start":{"line":33,"column":4},"end":{"line":34,"column":19}}],"line":27}},"s":{"0":0,"1":0,"2":0,"3":0,"4":0,"5":0,"6":0,"7":0,"8":0,"9":0,"10":0,"11":0,"12":0,"13":0,"14":0,"15":0,"16":0,"17":0,"18":0,"19":0,"20":0,"21":0,"22":0,"23":0,"24":0,"25":0,"26":0,"27":0,"28":0,"29":0,"30":0,"31":0,"32":0,"33":0,"34":0},"f":{"0":0,"1":0,"2":0,"3":0,"4":0,"5":0,"6":0},"b":{"0":[0,0],"1":[0,0],"2":[0,0],"3":[0,0],"4":[0,0],"5":[0,0],"6":[0,0],"7":[0,0],"8":[0,0]},"hash":"e0d2d839385405d1a0db29bfa5ac2acfe3ff7b5b"}
,"/Users/sselig/Library/CloudStorage/iCloud Drive/Documents/Professional/Job Search/Dough/dough/src/modules/AppView.js": {"path":"/Users/sselig/Library/CloudStorage/iCloud Drive/Documents/Professional/Job Search/Dough/dough/src/modules/AppView.js","statementMap":{"0":{"start":{"line":1,"column":42},"end":{"line":1,"column":97}},"1":{"start":{"line":1,"column":98},"end":{"line":1,"column":160}},"2":{"start":{"line":1,"column":160},"end":{"line":1,"column":186}},"3":{"start":{"line":1,"column":199},"end":{"line":1,"column":239}},"4":{"start":{"line":3,"column":17},"end":{"line":3,"column":74}},"5":{"start":{"line":3,"column":94},"end":{"line":3,"column":212}},"6":{"start":{"line":6,"column":2},"end":{"line":6,"column":198}}},"fnMap":{"0":{"name":"AppView","decl":{"start":{"line":5,"column":9},"end":{"line":5,"column":16}},"loc":{"start":{"line":5,"column":19},"end":{"line":7,"column":1}},"line":5},"1":{"name":"onNavigationStateChange","decl":{"start":{"line":6,"column":94},"end":{"line":6,"column":117}},"loc":{"start":{"line":6,"column":120},"end":{"line":6,"column":122}},"line":6}},"branchMap":{},"s":{"0":0,"1":0,"2":0,"3":0,"4":0,"5":0,"6":0},"f":{"0":0,"1":0},"b":{},"hash":"b4449fcd1df1142c55c01dd6c8ae9955e014c695"}
,"/Users/sselig/Library/CloudStorage/iCloud Drive/Documents/Professional/Job Search/Dough/dough/src/modules/AppViewContainer.js": {"path":"/Users/sselig/Library/CloudStorage/iCloud Drive/Documents/Professional/Job Search/Dough/dough/src/modules/AppViewContainer.js","statementMap":{"0":{"start":{"line":1,"column":42},"end":{"line":1,"column":97}},"1":{"start":{"line":1,"column":98},"end":{"line":1,"column":160}},"2":{"start":{"line":1,"column":160},"end":{"line":1,"column":185}},"3":{"start":{"line":1,"column":202},"end":{"line":1,"column":222}},"4":{"start":{"line":2,"column":19},"end":{"line":2,"column":42}},"5":{"start":{"line":4,"column":15},"end":{"line":4,"column":59}},"6":{"start":{"line":6,"column":0},"end":{"line":16,"column":17}},"7":{"start":{"line":9,"column":4},"end":{"line":13,"column":5}},"8":{"start":{"line":11,"column":6},"end":{"line":12,"column":73}},"9":{"start":{"line":16,"column":18},"end":{"line":16,"column":45}}},"fnMap":{"0":{"name":"componentWillMount","decl":{"start":{"line":8,"column":31},"end":{"line":8,"column":49}},"loc":{"start":{"line":8,"column":52},"end":{"line":14,"column":3}},"line":8}},"branchMap":{"0":{"loc":{"start":{"line":9,"column":4},"end":{"line":13,"column":5}},"type":"if","locations":[{"start":{"line":9,"column":4},"end":{"line":13,"column":5}},{"start":{"line":9,"column":4},"end":{"line":13,"column":5}}],"line":9},"1":{"loc":{"start":{"line":11,"column":6},"end":{"line":12,"column":72}},"type":"binary-expr","locations":[{"start":{"line":11,"column":6},"end":{"line":11,"column":66}},{"start":{"line":12,"column":6},"end":{"line":12,"column":72}}],"line":11}},"s":{"0":0,"1":0,"2":0,"3":0,"4":0,"5":0,"6":0,"7":0,"8":0,"9":0},"f":{"0":0},"b":{"0":[0,0],"1":[0,0]},"hash":"88e4d8b1c10e7f4338ab3843fce36e2c35002d97"}
,"/Users/sselig/Library/CloudStorage/iCloud Drive/Documents/Professional/Job Search/Dough/dough/src/modules/availableInFullVersion/AvailableInFullVersionView.js": {"path":"/Users/sselig/Library/CloudStorage/iCloud Drive/Documents/Professional/Job Search/Dough/dough/src/modules/availableInFullVersion/AvailableInFullVersionView.js","statementMap":{"0":{"start":{"line":1,"column":42},"end":{"line":1,"column":97}},"1":{"start":{"line":1,"column":98},"end":{"line":1,"column":160}},"2":{"start":{"line":1,"column":160},"end":{"line":1,"column":207}},"3":{"start":{"line":1,"column":220},"end":{"line":1,"column":260}},"4":{"start":{"line":2,"column":19},"end":{"line":2,"column":42}},"5":{"start":{"line":11,"column":14},"end":{"line":11,"column":37}},"6":{"start":{"line":12,"column":18},"end":{"line":12,"column":45}},"7":{"start":{"line":12,"column":65},"end":{"line":12,"column":225}},"8":{"start":{"line":15,"column":15},"end":{"line":15,"column":49}},"9":{"start":{"line":16,"column":20},"end":{"line":24,"column":3}},"10":{"start":{"line":17,"column":4},"end":{"line":23,"column":7}},"11":{"start":{"line":18,"column":6},"end":{"line":22,"column":7}},"12":{"start":{"line":19,"column":8},"end":{"line":19,"column":45}},"13":{"start":{"line":21,"column":8},"end":{"line":21,"column":61}},"14":{"start":{"line":26,"column":2},"end":{"line":58,"column":130}},"15":{"start":{"line":49,"column":35},"end":{"line":49,"column":56}},"16":{"start":{"line":58,"column":35},"end":{"line":58,"column":68}},"17":{"start":{"line":65,"column":13},"end":{"line":92,"column":25}}},"fnMap":{"0":{"name":"AvailableInFullVersionScreen","decl":{"start":{"line":14,"column":9},"end":{"line":14,"column":37}},"loc":{"start":{"line":14,"column":45},"end":{"line":63,"column":1}},"line":14},"1":{"name":"handleClick","decl":{"start":{"line":16,"column":29},"end":{"line":16,"column":40}},"loc":{"start":{"line":16,"column":43},"end":{"line":24,"column":3}},"line":16},"2":{"name":"(anonymous_2)","decl":{"start":{"line":17,"column":49},"end":{"line":17,"column":50}},"loc":{"start":{"line":17,"column":70},"end":{"line":23,"column":5}},"line":17},"3":{"name":"onPress","decl":{"start":{"line":49,"column":24},"end":{"line":49,"column":31}},"loc":{"start":{"line":49,"column":34},"end":{"line":49,"column":57}},"line":49},"4":{"name":"onPress","decl":{"start":{"line":58,"column":24},"end":{"line":58,"column":31}},"loc":{"start":{"line":58,"column":34},"end":{"line":58,"column":69}},"line":58}},"branchMap":{"0":{"loc":{"start":{"line":18,"column":6},"end":{"line":22,"column":7}},"type":"if","locations":[{"start":{"line":18,"column":6},"end":{"line":22,"column":7}},{"start":{"line":18,"column":6},"end":{"line":22,"column":7}}],"line":18}},"s":{"0":0,"1":0,"2":0,"3":0,"4":0,"5":0,"6":0,"7":0,"8":0,"9":0,"10":0,"11":0,"12":0,"13":0,"14":0,"15":0,"16":0,"17":0},"f":{"0":0,"1":0,"2":0,"3":0,"4":0},"b":{"0":[0,0]},"hash":"52687a42f4e424eb2afc17497394d7a34bf0c66b"}
,"/Users/sselig/Library/CloudStorage/iCloud Drive/Documents/Professional/Job Search/Dough/dough/src/modules/availableInFullVersion/AvailableInFullVersionViewContainer.js": {"path":"/Users/sselig/Library/CloudStorage/iCloud Drive/Documents/Professional/Job Search/Dough/dough/src/modules/availableInFullVersion/AvailableInFullVersionViewContainer.js","statementMap":{"0":{"start":{"line":1,"column":42},"end":{"line":1,"column":97}},"1":{"start":{"line":1,"column":98},"end":{"line":1,"column":160}},"2":{"start":{"line":1,"column":160},"end":{"line":1,"column":185}},"3":{"start":{"line":2,"column":17},"end":{"line":2,"column":37}},"4":{"start":{"line":4,"column":34},"end":{"line":4,"column":97}},"5":{"start":{"line":6,"column":0},"end":{"line":6,"column":62}},"6":{"start":{"line":6,"column":63},"end":{"line":6,"column":90}}},"fnMap":{},"branchMap":{},"s":{"0":0,"1":0,"2":0,"3":0,"4":0,"5":0,"6":0},"f":{},"b":{},"hash":"9a2abe6c0ae2c55ccd36af46f8984454b086780f"}
,"/Users/sselig/Library/CloudStorage/iCloud Drive/Documents/Professional/Job Search/Dough/dough/src/modules/calendar/CalendarState.js": {"path":"/Users/sselig/Library/CloudStorage/iCloud Drive/Documents/Professional/Job Search/Dough/dough/src/modules/calendar/CalendarState.js","statementMap":{"0":{"start":{"line":1,"column":42},"end":{"line":1,"column":97}},"1":{"start":{"line":1,"column":98},"end":{"line":1,"column":160}},"2":{"start":{"line":1,"column":160},"end":{"line":1,"column":190}},"3":{"start":{"line":1,"column":190},"end":{"line":1,"column":229}},"4":{"start":{"line":1,"column":245},"end":{"line":1,"column":310}},"5":{"start":{"line":1,"column":330},"end":{"line":1,"column":358}},"6":{"start":{"line":4,"column":2},"end":{"line":6,"column":19}},"7":{"start":{"line":10,"column":12},"end":{"line":10,"column":55}},"8":{"start":{"line":11,"column":19},"end":{"line":12,"column":56}},"9":{"start":{"line":11,"column":52},"end":{"line":12,"column":55}},"10":{"start":{"line":13,"column":13},"end":{"line":13,"column":36}},"11":{"start":{"line":17,"column":2},"end":{"line":46,"column":4}},"12":{"start":{"line":18,"column":4},"end":{"line":18,"column":53}},"13":{"start":{"line":18,"column":46},"end":{"line":18,"column":53}},"14":{"start":{"line":20,"column":16},"end":{"line":20,"column":18}},"15":{"start":{"line":22,"column":4},"end":{"line":36,"column":5}},"16":{"start":{"line":22,"column":17},"end":{"line":22,"column":20}},"17":{"start":{"line":23,"column":17},"end":{"line":23,"column":56}},"18":{"start":{"line":24,"column":20},"end":{"line":24,"column":62}},"19":{"start":{"line":25,"column":6},"end":{"line":35,"column":7}},"20":{"start":{"line":26,"column":8},"end":{"line":26,"column":28}},"21":{"start":{"line":27,"column":23},"end":{"line":27,"column":41}},"22":{"start":{"line":28,"column":8},"end":{"line":34,"column":9}},"23":{"start":{"line":28,"column":21},"end":{"line":28,"column":22}},"24":{"start":{"line":29,"column":10},"end":{"line":32,"column":78}},"25":{"start":{"line":38,"column":19},"end":{"line":38,"column":21}},"26":{"start":{"line":39,"column":4},"end":{"line":41,"column":7}},"27":{"start":{"line":40,"column":6},"end":{"line":40,"column":33}},"28":{"start":{"line":43,"column":4},"end":{"line":43,"column":26}},"29":{"start":{"line":45,"column":4},"end":{"line":45,"column":36}},"30":{"start":{"line":49,"column":19},"end":{"line":51,"column":20}},"31":{"start":{"line":54,"column":45},"end":{"line":54,"column":125}},"32":{"start":{"line":54,"column":139},"end":{"line":54,"column":186}},"33":{"start":{"line":55,"column":2},"end":{"line":62,"column":20}},"34":{"start":{"line":57,"column":6},"end":{"line":59,"column":31}},"35":{"start":{"line":62,"column":6},"end":{"line":62,"column":19}}},"fnMap":{"0":{"name":"itemsLoaded","decl":{"start":{"line":3,"column":9},"end":{"line":3,"column":20}},"loc":{"start":{"line":3,"column":28},"end":{"line":8,"column":1}},"line":3},"1":{"name":"randomNumber","decl":{"start":{"line":11,"column":28},"end":{"line":11,"column":40}},"loc":{"start":{"line":11,"column":51},"end":{"line":12,"column":56}},"line":11},"2":{"name":"loadItems","decl":{"start":{"line":15,"column":9},"end":{"line":15,"column":18}},"loc":{"start":{"line":15,"column":24},"end":{"line":47,"column":1}},"line":15},"3":{"name":"(anonymous_3)","decl":{"start":{"line":17,"column":9},"end":{"line":17,"column":10}},"loc":{"start":{"line":17,"column":39},"end":{"line":46,"column":3}},"line":17},"4":{"name":"(anonymous_4)","decl":{"start":{"line":39,"column":31},"end":{"line":39,"column":32}},"loc":{"start":{"line":39,"column":46},"end":{"line":41,"column":5}},"line":39},"5":{"name":"CalendarStateReducer","decl":{"start":{"line":54,"column":9},"end":{"line":54,"column":29}},"loc":{"start":{"line":54,"column":32},"end":{"line":64,"column":1}},"line":54}},"branchMap":{"0":{"loc":{"start":{"line":18,"column":4},"end":{"line":18,"column":53}},"type":"if","locations":[{"start":{"line":18,"column":4},"end":{"line":18,"column":53}},{"start":{"line":18,"column":4},"end":{"line":18,"column":53}}],"line":18},"1":{"loc":{"start":{"line":25,"column":6},"end":{"line":35,"column":7}},"type":"if","locations":[{"start":{"line":25,"column":6},"end":{"line":35,"column":7}},{"start":{"line":25,"column":6},"end":{"line":35,"column":7}}],"line":25},"2":{"loc":{"start":{"line":32,"column":20},"end":{"line":32,"column":74}},"type":"cond-expr","locations":[{"start":{"line":32,"column":41},"end":{"line":32,"column":69}},{"start":{"line":32,"column":72},"end":{"line":32,"column":74}}],"line":32},"3":{"loc":{"start":{"line":54,"column":45},"end":{"line":54,"column":125}},"type":"cond-expr","locations":[{"start":{"line":54,"column":98},"end":{"line":54,"column":110}},{"start":{"line":54,"column":113},"end":{"line":54,"column":125}}],"line":54},"4":{"loc":{"start":{"line":54,"column":45},"end":{"line":54,"column":95}},"type":"binary-expr","locations":[{"start":{"line":54,"column":45},"end":{"line":54,"column":65}},{"start":{"line":54,"column":69},"end":{"line":54,"column":95}}],"line":54},"5":{"loc":{"start":{"line":54,"column":139},"end":{"line":54,"column":186}},"type":"cond-expr","locations":[{"start":{"line":54,"column":162},"end":{"line":54,"column":174}},{"start":{"line":54,"column":177},"end":{"line":54,"column":186}}],"line":54},"6":{"loc":{"start":{"line":55,"column":2},"end":{"line":62,"column":20}},"type":"switch","locations":[{"start":{"line":56,"column":4},"end":{"line":59,"column":31}},{"start":{"line":61,"column":4},"end":{"line":62,"column":19}}],"line":55}},"s":{"0":0,"1":0,"2":0,"3":0,"4":0,"5":0,"6":0,"7":0,"8":0,"9":0,"10":0,"11":0,"12":0,"13":0,"14":0,"15":0,"16":0,"17":0,"18":0,"19":0,"20":0,"21":0,"22":0,"23":0,"24":0,"25":0,"26":0,"27":0,"28":0,"29":0,"30":0,"31":0,"32":0,"33":0,"34":0,"35":0},"f":{"0":0,"1":0,"2":0,"3":0,"4":0,"5":0},"b":{"0":[0,0],"1":[0,0],"2":[0,0],"3":[0,0],"4":[0,0],"5":[0,0],"6":[0,0]},"hash":"58bc22a1c792f199757321d1079089aa14e0351f"}
,"/Users/sselig/Library/CloudStorage/iCloud Drive/Documents/Professional/Job Search/Dough/dough/src/modules/calendar/CalendarView.js": {"path":"/Users/sselig/Library/CloudStorage/iCloud Drive/Documents/Professional/Job Search/Dough/dough/src/modules/calendar/CalendarView.js","statementMap":{"0":{"start":{"line":1,"column":42},"end":{"line":1,"column":97}},"1":{"start":{"line":1,"column":98},"end":{"line":1,"column":160}},"2":{"start":{"line":1,"column":160},"end":{"line":1,"column":185}},"3":{"start":{"line":1,"column":208},"end":{"line":1,"column":280}},"4":{"start":{"line":1,"column":301},"end":{"line":1,"column":370}},"5":{"start":{"line":1,"column":405},"end":{"line":1,"column":488}},"6":{"start":{"line":1,"column":512},"end":{"line":1,"column":584}},"7":{"start":{"line":1,"column":602},"end":{"line":1,"column":668}},"8":{"start":{"line":2,"column":13},"end":{"line":2,"column":53}},"9":{"start":{"line":3,"column":19},"end":{"line":3,"column":42}},"10":{"start":{"line":4,"column":28},"end":{"line":4,"column":61}},"11":{"start":{"line":6,"column":14},"end":{"line":6,"column":37}},"12":{"start":{"line":6,"column":57},"end":{"line":6,"column":189}},"13":{"start":{"line":8,"column":17},"end":{"line":79,"column":59}},"14":{"start":{"line":8,"column":46},"end":{"line":8,"column":104}},"15":{"start":{"line":8,"column":131},"end":{"line":8,"column":183}},"16":{"start":{"line":8,"column":183},"end":{"line":8,"column":307}},"17":{"start":{"line":8,"column":308},"end":{"line":79,"column":10}},"18":{"start":{"line":10,"column":6},"end":{"line":10,"column":33}},"19":{"start":{"line":14,"column":6},"end":{"line":16,"column":139}},"20":{"start":{"line":23,"column":6},"end":{"line":34,"column":154}},"21":{"start":{"line":24,"column":40},"end":{"line":34,"column":152}},"22":{"start":{"line":38,"column":6},"end":{"line":55,"column":157}},"23":{"start":{"line":61,"column":6},"end":{"line":61,"column":16}},"24":{"start":{"line":61,"column":25},"end":{"line":61,"column":42}},"25":{"start":{"line":61,"column":55},"end":{"line":61,"column":76}},"26":{"start":{"line":62,"column":6},"end":{"line":75,"column":99}},"27":{"start":{"line":79,"column":10},"end":{"line":79,"column":32}},"28":{"start":{"line":82,"column":13},"end":{"line":101,"column":23}},"29":{"start":{"line":105,"column":0},"end":{"line":105,"column":14}},"30":{"start":{"line":105,"column":15},"end":{"line":105,"column":42}}},"fnMap":{"0":{"name":"(anonymous_0)","decl":{"start":{"line":8,"column":17},"end":{"line":8,"column":18}},"loc":{"start":{"line":8,"column":45},"end":{"line":79,"column":33}},"line":8},"1":{"name":"CalendarScreen","decl":{"start":{"line":8,"column":113},"end":{"line":8,"column":127}},"loc":{"start":{"line":8,"column":130},"end":{"line":8,"column":308}},"line":8},"2":{"name":"rowHasChanged","decl":{"start":{"line":8,"column":392},"end":{"line":8,"column":405}},"loc":{"start":{"line":9,"column":12},"end":{"line":11,"column":5}},"line":9},"3":{"name":"renderEmptyDate","decl":{"start":{"line":11,"column":51},"end":{"line":11,"column":66}},"loc":{"start":{"line":13,"column":4},"end":{"line":19,"column":5}},"line":13},"4":{"name":"renderItem","decl":{"start":{"line":19,"column":46},"end":{"line":19,"column":56}},"loc":{"start":{"line":21,"column":10},"end":{"line":58,"column":5}},"line":21},"5":{"name":"(anonymous_5)","decl":{"start":{"line":24,"column":22},"end":{"line":24,"column":23}},"loc":{"start":{"line":24,"column":39},"end":{"line":34,"column":153}},"line":24},"6":{"name":"render","decl":{"start":{"line":58,"column":42},"end":{"line":58,"column":48}},"loc":{"start":{"line":60,"column":4},"end":{"line":79,"column":5}},"line":60}},"branchMap":{"0":{"loc":{"start":{"line":23,"column":6},"end":{"line":34,"column":154}},"type":"binary-expr","locations":[{"start":{"line":23,"column":6},"end":{"line":23,"column":17}},{"start":{"line":24,"column":6},"end":{"line":34,"column":154}}],"line":23},"1":{"loc":{"start":{"line":30,"column":14},"end":{"line":30,"column":84}},"type":"cond-expr","locations":[{"start":{"line":30,"column":35},"end":{"line":30,"column":57}},{"start":{"line":30,"column":60},"end":{"line":30,"column":84}}],"line":30}},"s":{"0":0,"1":0,"2":0,"3":0,"4":0,"5":0,"6":0,"7":0,"8":0,"9":0,"10":0,"11":0,"12":0,"13":0,"14":0,"15":0,"16":0,"17":0,"18":0,"19":0,"20":0,"21":0,"22":0,"23":0,"24":0,"25":0,"26":0,"27":0,"28":0,"29":0,"30":0},"f":{"0":0,"1":0,"2":0,"3":0,"4":0,"5":0,"6":0},"b":{"0":[0,0],"1":[0,0]},"hash":"296d320d6a8ecfec719653a103c32720fff59a20"}
[...]
,"/Users/sselig/Library/CloudStorage/iCloud Drive/Documents/Professional/Job Search/Dough/dough/src/modules/navigation/RootNavigation.js": {"path":"/Users/sselig/Library/CloudStorage/iCloud Drive/Documents/Professional/Job Search/Dough/dough/src/modules/navigation/RootNavigation.js","statementMap":{"0":{"start":{"line":1,"column":42},"end":{"line":1,"column":97}},"1":{"start":{"line":1,"column":98},"end":{"line":1,"column":160}},"2":{"start":{"line":1,"column":160},"end":{"line":1,"column":185}},"3":{"start":{"line":1,"column":198},"end":{"line":1,"column":238}},"4":{"start":{"line":2,"column":19},"end":{"line":2,"column":42}},"5":{"start":{"line":3,"column":23},"end":{"line":3,"column":50}},"6":{"start":{"line":5,"column":24},"end":{"line":5,"column":77}},"7":{"start":{"line":7,"column":28},"end":{"line":7,"column":94}},"8":{"start":{"line":16,"column":43},"end":{"line":16,"column":139}},"9":{"start":{"line":18,"column":14},"end":{"line":18,"column":37}},"10":{"start":{"line":18,"column":57},"end":{"line":18,"column":193}},"11":{"start":{"line":22,"column":21},"end":{"line":107,"column":95}},"12":{"start":{"line":26,"column":53},"end":{"line":33,"column":89}},"13":{"start":{"line":76,"column":65},"end":{"line":107,"column":91}},"14":{"start":{"line":96,"column":46},"end":{"line":107,"column":87}},"15":{"start":{"line":116,"column":0},"end":{"line":116,"column":56}},"16":{"start":{"line":116,"column":57},"end":{"line":116,"column":84}}},"fnMap":{"0":{"name":"navigationOptions","decl":{"start":{"line":26,"column":32},"end":{"line":26,"column":49}},"loc":{"start":{"line":26,"column":52},"end":{"line":33,"column":90}},"line":26},"1":{"name":"defaultNavigationOptions","decl":{"start":{"line":76,"column":37},"end":{"line":76,"column":61}},"loc":{"start":{"line":76,"column":64},"end":{"line":107,"column":92}},"line":76},"2":{"name":"headerLeft","decl":{"start":{"line":96,"column":27},"end":{"line":96,"column":37}},"loc":{"start":{"line":96,"column":45},"end":{"line":107,"column":88}},"line":96}},"branchMap":{},"s":{"0":0,"1":0,"2":0,"3":0,"4":0,"5":0,"6":0,"7":0,"8":0,"9":0,"10":0,"11":0,"12":0,"13":0,"14":0,"15":0,"16":0},"f":{"0":0,"1":0,"2":0},"b":{},"hash":"1f5bbc879f731863d70e3c94cc421fed45df6beb"}
,"/Users/sselig/Library/CloudStorage/iCloud Drive/Documents/Professional/Job Search/Dough/dough/src/modules/pages/PagesView.js": {"path":"/Users/sselig/Library/CloudStorage/iCloud Drive/Documents/Professional/Job Search/Dough/dough/src/modules/pages/PagesView.js","statementMap":{"0":{"start":{"line":1,"column":42},"end":{"line":1,"column":97}},"1":{"start":{"line":1,"column":98},"end":{"line":1,"column":160}},"2":{"start":{"line":1,"column":160},"end":{"line":1,"column":190}},"3":{"start":{"line":1,"column":203},"end":{"line":1,"column":243}},"4":{"start":{"line":2,"column":19},"end":{"line":2,"column":42}},"5":{"start":{"line":4,"column":14},"end":{"line":4,"column":37}},"6":{"start":{"line":4,"column":57},"end":{"line":4,"column":183}},"7":{"start":{"line":13,"column":2},"end":{"line":79,"column":147}},"8":{"start":{"line":17,"column":35},"end":{"line":17,"column":93}},"9":{"start":{"line":28,"column":35},"end":{"line":28,"column":94}},"10":{"start":{"line":39,"column":35},"end":{"line":39,"column":94}},"11":{"start":{"line":52,"column":35},"end":{"line":52,"column":91}},"12":{"start":{"line":63,"column":35},"end":{"line":63,"column":95}},"13":{"start":{"line":86,"column":13},"end":{"line":113,"column":19}}},"fnMap":{"0":{"name":"PagesScreen","decl":{"start":{"line":12,"column":9},"end":{"line":12,"column":20}},"loc":{"start":{"line":12,"column":28},"end":{"line":84,"column":1}},"line":12},"1":{"name":"onPress","decl":{"start":{"line":17,"column":24},"end":{"line":17,"column":31}},"loc":{"start":{"line":17,"column":34},"end":{"line":17,"column":94}},"line":17},"2":{"name":"onPress","decl":{"start":{"line":28,"column":24},"end":{"line":28,"column":31}},"loc":{"start":{"line":28,"column":34},"end":{"line":28,"column":95}},"line":28},"3":{"name":"onPress","decl":{"start":{"line":39,"column":24},"end":{"line":39,"column":31}},"loc":{"start":{"line":39,"column":34},"end":{"line":39,"column":95}},"line":39},"4":{"name":"onPress","decl":{"start":{"line":52,"column":24},"end":{"line":52,"column":31}},"loc":{"start":{"line":52,"column":34},"end":{"line":52,"column":92}},"line":52},"5":{"name":"onPress","decl":{"start":{"line":63,"column":24},"end":{"line":63,"column":31}},"loc":{"start":{"line":63,"column":34},"end":{"line":63,"column":96}},"line":63},"6":{"name":"onPress","decl":{"start":{"line":73,"column":84},"end":{"line":73,"column":91}},"loc":{"start":{"line":73,"column":94},"end":{"line":73,"column":96}},"line":73}},"branchMap":{},"s":{"0":0,"1":0,"2":0,"3":0,"4":0,"5":0,"6":0,"7":0,"8":0,"9":0,"10":0,"11":0,"12":0,"13":0},"f":{"0":0,"1":0,"2":0,"3":0,"4":0,"5":0,"6":0},"b":{},"hash":"a561e336c0163f1ebbb460ecf0da9ec150fd137c"}
,"/Users/sselig/Library/CloudStorage/iCloud Drive/Documents/Professional/Job Search/Dough/dough/src/modules/pages/PagesViewContainer.js": {"path":"/Users/sselig/Library/CloudStorage/iCloud Drive/Documents/Professional/Job Search/Dough/dough/src/modules/pages/PagesViewContainer.js","statementMap":{"0":{"start":{"line":1,"column":42},"end":{"line":1,"column":97}},"1":{"start":{"line":1,"column":98},"end":{"line":1,"column":160}},"2":{"start":{"line":1,"column":160},"end":{"line":1,"column":185}},"3":{"start":{"line":2,"column":17},"end":{"line":2,"column":37}},"4":{"start":{"line":4,"column":17},"end":{"line":4,"column":63}},"5":{"start":{"line":6,"column":0},"end":{"line":6,"column":45}},"6":{"start":{"line":6,"column":46},"end":{"line":6,"column":73}}},"fnMap":{},"branchMap":{},"s":{"0":0,"1":0,"2":0,"3":0,"4":0,"5":0,"6":0},"f":{},"b":{},"hash":"64494c33e3e164257596da8b27c24874642b0565"}
,"/Users/sselig/Library/CloudStorage/iCloud Drive/Documents/Professional/Job Search/Dough/dough/src/redux/reducer.js": {"path":"/Users/sselig/Library/CloudStorage/iCloud Drive/Documents/Professional/Job Search/Dough/dough/src/redux/reducer.js","statementMap":{"0":{"start":{"line":1,"column":42},"end":{"line":1,"column":97}},"1":{"start":{"line":1,"column":98},"end":{"line":1,"column":160}},"2":{"start":{"line":1,"column":160},"end":{"line":1,"column":185}},"3":{"start":{"line":1,"column":198},"end":{"line":1,"column":214}},"4":{"start":{"line":4,"column":20},"end":{"line":4,"column":86}},"5":{"start":{"line":5,"column":16},"end":{"line":5,"column":70}},"6":{"start":{"line":6,"column":21},"end":{"line":6,"column":89}},"7":{"start":{"line":8,"column":0},"end":{"line":12,"column":37}},"8":{"start":{"line":12,"column":38},"end":{"line":12,"column":65}}},"fnMap":{},"branchMap":{},"s":{"0":0,"1":0,"2":0,"3":0,"4":0,"5":0,"6":0,"7":0,"8":0},"f":{},"b":{},"hash":"5d4f5786efb1cd8906f6277f24008d8a6f699253"}
,"/Users/sselig/Library/CloudStorage/iCloud Drive/Documents/Professional/Job Search/Dough/dough/src/redux/store.js": {"path":"/Users/sselig/Library/CloudStorage/iCloud Drive/Documents/Professional/Job Search/Dough/dough/src/redux/store.js","statementMap":{"0":{"start":{"line":1,"column":42},"end":{"line":1,"column":97}},"1":{"start":{"line":1,"column":98},"end":{"line":1,"column":160}},"2":{"start":{"line":1,"column":160},"end":{"line":1,"column":203}},"3":{"start":{"line":1,"column":216},"end":{"line":1,"column":232}},"4":{"start":{"line":2,"column":20},"end":{"line":2,"column":44}},"5":{"start":{"line":3,"column":15},"end":{"line":3,"column":75}},"6":{"start":{"line":4,"column":18},"end":{"line":4,"column":64}},"7":{"start":{"line":5,"column":19},"end":{"line":5,"column":42}},"8":{"start":{"line":6,"column":15},"end":{"line":6,"column":59}},"9":{"start":{"line":8,"column":16},"end":{"line":14,"column":56}},"10":{"start":{"line":14,"column":35},"end":{"line":14,"column":50}},"11":{"start":{"line":21,"column":0},"end":{"line":24,"column":14}},"12":{"start":{"line":27,"column":15},"end":{"line":27,"column":56}},"13":{"start":{"line":29,"column":20},"end":{"line":32,"column":17}},"14":{"start":{"line":35,"column":23},"end":{"line":35,"column":89}},"15":{"start":{"line":36,"column":12},"end":{"line":36,"column":67}},"16":{"start":{"line":36,"column":68},"end":{"line":36,"column":90}},"17":{"start":{"line":37,"column":16},"end":{"line":37,"column":54}},"18":{"start":{"line":37,"column":55},"end":{"line":37,"column":85}}},"fnMap":{"0":{"name":"predicate","decl":{"start":{"line":14,"column":22},"end":{"line":14,"column":31}},"loc":{"start":{"line":14,"column":34},"end":{"line":14,"column":51}},"line":14}},"branchMap":{"0":{"loc":{"start":{"line":21,"column":0},"end":{"line":24,"column":14}},"type":"binary-expr","locations":[{"start":{"line":21,"column":0},"end":{"line":21,"column":7}},{"start":{"line":22,"column":0},"end":{"line":22,"column":29}},{"start":{"line":23,"column":0},"end":{"line":23,"column":43}},{"start":{"line":24,"column":0},"end":{"line":24,"column":14}}],"line":21}},"s":{"0":0,"1":0,"2":0,"3":0,"4":0,"5":0,"6":0,"7":0,"8":0,"9":0,"10":0,"11":0,"12":0,"13":0,"14":0,"15":0,"16":0,"17":0,"18":0},"f":{"0":0},"b":{"0":[0,0,0,0]},"hash":"297cd78fd57397198418968c2a54d973f5a24db5"}
,"/Users/sselig/Library/CloudStorage/iCloud Drive/Documents/Professional/Job Search/Dough/dough/src/styles/colors.js": {"path":"/Users/sselig/Library/CloudStorage/iCloud Drive/Documents/Professional/Job Search/Dough/dough/src/styles/colors.js","statementMap":{"0":{"start":{"line":1,"column":13},"end":{"line":1,"column":75}},"1":{"start":{"line":1,"column":75},"end":{"line":1,"column":100}},"2":{"start":{"line":1,"column":118},"end":{"line":20,"column":21}},"3":{"start":{"line":23,"column":0},"end":{"line":23,"column":11}},"4":{"start":{"line":23,"column":12},"end":{"line":23,"column":39}}},"fnMap":{},"branchMap":{},"s":{"0":0,"1":0,"2":0,"3":0,"4":0},"f":{},"b":{},"hash":"c49f4c701b1a70d3847adc2de4a012226630d6e5"}
,"/Users/sselig/Library/CloudStorage/iCloud Drive/Documents/Professional/Job Search/Dough/dough/src/styles/common.js": {"path":"/Users/sselig/Library/CloudStorage/iCloud Drive/Documents/Professional/Job Search/Dough/dough/src/styles/common.js","statementMap":{"0":{"start":{"line":1,"column":42},"end":{"line":1,"column":97}},"1":{"start":{"line":1,"column":98},"end":{"line":1,"column":160}},"2":{"start":{"line":1,"column":160},"end":{"line":1,"column":185}},"3":{"start":{"line":1,"column":204},"end":{"line":1,"column":227}},"4":{"start":{"line":3,"column":14},"end":{"line":3,"column":57}},"5":{"start":{"line":5,"column":0},"end":{"line":9,"column":108}},"6":{"start":{"line":9,"column":109},"end":{"line":9,"column":136}}},"fnMap":{},"branchMap":{},"s":{"0":0,"1":0,"2":0,"3":0,"4":0,"5":0,"6":0},"f":{},"b":{},"hash":"78d7c145ae214deb369fe6c86357e4205b9e5d03"}
,"/Users/sselig/Library/CloudStorage/iCloud Drive/Documents/Professional/Job Search/Dough/dough/src/styles/fonts.js": {"path":"/Users/sselig/Library/CloudStorage/iCloud Drive/Documents/Professional/Job Search/Dough/dough/src/styles/fonts.js","statementMap":{"0":{"start":{"line":1,"column":13},"end":{"line":1,"column":75}},"1":{"start":{"line":1,"column":75},"end":{"line":1,"column":100}},"2":{"start":{"line":1,"column":115},"end":{"line":5,"column":36}},"3":{"start":{"line":5,"column":37},"end":{"line":5,"column":64}}},"fnMap":{},"branchMap":{},"s":{"0":0,"1":0,"2":0,"3":0},"f":{},"b":{},"hash":"87f621f7c27980df8b90dc842e7bb53fb90cb969"}
,"/Users/sselig/Library/CloudStorage/iCloud Drive/Documents/Professional/Job Search/Dough/dough/src/styles/index.js": {"path":"/Users/sselig/Library/CloudStorage/iCloud Drive/Documents/Professional/Job Search/Dough/dough/src/styles/index.js","statementMap":{"0":{"start":{"line":1,"column":42},"end":{"line":1,"column":97}},"1":{"start":{"line":1,"column":98},"end":{"line":1,"column":160}},"2":{"start":{"line":1,"column":160},"end":{"line":1,"column":270}},"3":{"start":{"line":1,"column":242},"end":{"line":1,"column":265}},"4":{"start":{"line":1,"column":270},"end":{"line":1,"column":378}},"5":{"start":{"line":1,"column":351},"end":{"line":1,"column":373}},"6":{"start":{"line":1,"column":378},"end":{"line":1,"column":494}},"7":{"start":{"line":1,"column":466},"end":{"line":1,"column":489}},"8":{"start":{"line":1,"column":494},"end":{"line":1,"column":517}},"9":{"start":{"line":1,"column":540},"end":{"line":1,"column":612}},"10":{"start":{"line":4,"column":24},"end":{"line":4,"column":54}},"11":{"start":{"line":5,"column":19},"end":{"line":5,"column":42}},"12":{"start":{"line":7,"column":14},"end":{"line":7,"column":57}},"13":{"start":{"line":8,"column":13},"end":{"line":8,"column":55}},"14":{"start":{"line":9,"column":14},"end":{"line":9,"column":57}},"15":{"start":{"line":9,"column":111},"end":{"line":9,"column":130}},"16":{"start":{"line":9,"column":131},"end":{"line":9,"column":376}},"17":{"start":{"line":9,"column":180},"end":{"line":9,"column":216}},"18":{"start":{"line":9,"column":217},"end":{"line":9,"column":344}},"19":{"start":{"line":9,"column":237},"end":{"line":9,"column":344}},"20":{"start":{"line":9,"column":278},"end":{"line":9,"column":341}},"21":{"start":{"line":9,"column":344},"end":{"line":9,"column":375}},"22":{"start":{"line":9,"column":376},"end":{"line":9,"column":388}},"23":{"start":{"line":9,"column":421},"end":{"line":9,"column":890}},"24":{"start":{"line":9,"column":434},"end":{"line":9,"column":435}},"25":{"start":{"line":9,"column":478},"end":{"line":9,"column":518}},"26":{"start":{"line":9,"column":519},"end":{"line":9,"column":889}},"27":{"start":{"line":9,"column":531},"end":{"line":9,"column":636}},"28":{"start":{"line":9,"column":577},"end":{"line":9,"column":633}},"29":{"start":{"line":9,"column":643},"end":{"line":9,"column":889}},"30":{"start":{"line":9,"column":682},"end":{"line":9,"column":756}},"31":{"start":{"line":9,"column":764},"end":{"line":9,"column":888}},"32":{"start":{"line":9,"column":804},"end":{"line":9,"column":885}},"33":{"start":{"line":9,"column":890},"end":{"line":9,"column":904}},"34":{"start":{"line":11,"column":0},"end":{"line":11,"column":37}},"35":{"start":{"line":11,"column":46},"end":{"line":11,"column":67}},"36":{"start":{"line":14,"column":25},"end":{"line":14,"column":28}},"37":{"start":{"line":16,"column":0},"end":{"line":16,"column":53}},"38":{"start":{"line":18,"column":0},"end":{"line":117,"column":44}},"39":{"start":{"line":121,"column":0},"end":{"line":121,"column":55}},"40":{"start":{"line":123,"column":0},"end":{"line":123,"column":54}},"41":{"start":{"line":125,"column":12},"end":{"line":125,"column":76}},"42":{"start":{"line":125,"column":34},"end":{"line":125,"column":75}},"43":{"start":{"line":125,"column":77},"end":{"line":125,"column":99}}},"fnMap":{"0":{"name":"get","decl":{"start":{"line":1,"column":235},"end":{"line":1,"column":238}},"loc":{"start":{"line":1,"column":241},"end":{"line":1,"column":266}},"line":1},"1":{"name":"get","decl":{"start":{"line":1,"column":344},"end":{"line":1,"column":347}},"loc":{"start":{"line":1,"column":350},"end":{"line":1,"column":374}},"line":1},"2":{"name":"get","decl":{"start":{"line":1,"column":459},"end":{"line":1,"column":462}},"loc":{"start":{"line":1,"column":465},"end":{"line":1,"column":490}},"line":1},"3":{"name":"ownKeys","decl":{"start":{"line":9,"column":67},"end":{"line":9,"column":74}},"loc":{"start":{"line":9,"column":99},"end":{"line":9,"column":389}},"line":9},"4":{"name":"(anonymous_4)","decl":{"start":{"line":9,"column":262},"end":{"line":9,"column":263}},"loc":{"start":{"line":9,"column":277},"end":{"line":9,"column":342}},"line":9},"5":{"name":"_objectSpread","decl":{"start":{"line":9,"column":398},"end":{"line":9,"column":411}},"loc":{"start":{"line":9,"column":420},"end":{"line":9,"column":905}},"line":9},"6":{"name":"(anonymous_6)","decl":{"start":{"line":9,"column":561},"end":{"line":9,"column":562}},"loc":{"start":{"line":9,"column":576},"end":{"line":9,"column":634}},"line":9},"7":{"name":"(anonymous_7)","decl":{"start":{"line":9,"column":788},"end":{"line":9,"column":789}},"loc":{"start":{"line":9,"column":803},"end":{"line":9,"column":886}},"line":9},"8":{"name":"scale","decl":{"start":{"line":125,"column":21},"end":{"line":125,"column":26}},"loc":{"start":{"line":125,"column":33},"end":{"line":125,"column":76}},"line":125}},"branchMap":{"0":{"loc":{"start":{"line":9,"column":131},"end":{"line":9,"column":376}},"type":"if","locations":[{"start":{"line":9,"column":131},"end":{"line":9,"column":376}},{"start":{"line":9,"column":131},"end":{"line":9,"column":376}}],"line":9},"1":{"loc":{"start":{"line":9,"column":217},"end":{"line":9,"column":344}},"type":"if","locations":[{"start":{"line":9,"column":217},"end":{"line":9,"column":344}},{"start":{"line":9,"column":217},"end":{"line":9,"column":344}}],"line":9},"2":{"loc":{"start":{"line":9,"column":478},"end":{"line":9,"column":518}},"type":"cond-expr","locations":[{"start":{"line":9,"column":501},"end":{"line":9,"column":513}},{"start":{"line":9,"column":516},"end":{"line":9,"column":518}}],"line":9},"3":{"loc":{"start":{"line":9,"column":519},"end":{"line":9,"column":889}},"type":"if","locations":[{"start":{"line":9,"column":519},"end":{"line":9,"column":889}},{"start":{"line":9,"column":519},"end":{"line":9,"column":889}}],"line":9},"4":{"loc":{"start":{"line":9,"column":643},"end":{"line":9,"column":889}},"type":"if","locations":[{"start":{"line":9,"column":643},"end":{"line":9,"column":889}},{"start":{"line":9,"column":643},"end":{"line":9,"column":889}}],"line":9}},"s":{"0":0,"1":0,"2":0,"3":0,"4":0,"5":0,"6":0,"7":0,"8":0,"9":0,"10":0,"11":0,"12":0,"13":0,"14":0,"15":0,"16":0,"17":0,"18":0,"19":0,"20":0,"21":0,"22":0,"23":0,"24":0,"25":0,"26":0,"27":0,"28":0,"29":0,"30":0,"31":0,"32":0,"33":0,"34":0,"35":0,"36":0,"37":0,"38":0,"39":0,"40":0,"41":0,"42":0,"43":0},"f":{"0":0,"1":0,"2":0,"3":0,"4":0,"5":0,"6":0,"7":0,"8":0},"b":{"0":[0,0],"1":[0,0],"2":[0,0],"3":[0,0],"4":[0,0]},"hash":"6ac20ee4fbb7486a28d00e5831a972c4921ff273"}
,"/Users/sselig/Library/CloudStorage/iCloud Drive/Documents/Professional/Job Search/Dough/dough/src/translations/index.js": {"path":"/Users/sselig/Library/CloudStorage/iCloud Drive/Documents/Professional/Job Search/Dough/dough/src/translations/index.js","statementMap":{"0":{"start":{"line":1,"column":42},"end":{"line":1,"column":97}},"1":{"start":{"line":1,"column":128},"end":{"line":1,"column":184}},"2":{"start":{"line":1,"column":185},"end":{"line":1,"column":247}},"3":{"start":{"line":1,"column":247},"end":{"line":1,"column":272}},"4":{"start":{"line":1,"column":289},"end":{"line":1,"column":346}},"5":{"start":{"line":2,"column":14},"end":{"line":2,"column":56}},"6":{"start":{"line":4,"column":10},"end":{"line":4,"column":54}},"7":{"start":{"line":5,"column":10},"end":{"line":5,"column":54}},"8":{"start":{"line":7,"column":19},"end":{"line":7,"column":55}},"9":{"start":{"line":9,"column":0},"end":{"line":11,"column":21}},"10":{"start":{"line":11,"column":36},"end":{"line":11,"column":52}},"11":{"start":{"line":13,"column":0},"end":{"line":13,"column":37}},"12":{"start":{"line":14,"column":0},"end":{"line":14,"column":33}},"13":{"start":{"line":15,"column":0},"end":{"line":15,"column":44}},"14":{"start":{"line":17,"column":0},"end":{"line":17,"column":15}},"15":{"start":{"line":17,"column":16},"end":{"line":17,"column":43}}},"fnMap":{},"branchMap":{"0":{"loc":{"start":{"line":9,"column":0},"end":{"line":11,"column":21}},"type":"binary-expr","locations":[{"start":{"line":9,"column":0},"end":{"line":10,"column":26}},{"start":{"line":11,"column":0},"end":{"line":11,"column":21}}],"line":9}},"s":{"0":0,"1":0,"2":0,"3":0,"4":0,"5":0,"6":0,"7":0,"8":0,"9":0,"10":0,"11":0,"12":0,"13":0,"14":0,"15":0},"f":{},"b":{"0":[0,0]},"hash":"4ce2d006fd39018145b0ec1dd5f00e89f56a6bd8"}
}
