TN:
SF:/Users/sselig/Library/CloudStorage/iCloud Drive/Documents/Professional/Job Search/Dough/dough/src/components/Button.js
FN:16,RNSButton
FNF:1
FNH:0
FNDA:0,RNSButton
DA:1,0
DA:2,0
DA:3,0
DA:12,0
DA:14,0
DA:17,0
DA:19,0
DA:20,0
DA:27,0
DA:28,0
DA:43,0
DA:62,0
DA:73,0
DA:75,0
DA:79,0
DA:80,0
DA:85,0
DA:86,0
DA:89,0
DA:121,0
DA:138,0
DA:139,0
DA:140,0
DA:142,0
LF:24
LH:0
BRDA:17,0,0,0
BRDA:17,0,1,0
BRDA:19,1,0,0
BRDA:19,1,1,0
BRDA:27,2,0,0
BRDA:27,2,1,0
BRDA:30,3,0,0
BRDA:30,3,1,0
BRDA:32,4,0,0
BRDA:32,4,1,0
BRDA:35,5,0,0
BRDA:35,5,1,0
BRDA:38,6,0,0
BRDA:38,6,1,0
BRDA:41,7,0,0
BRDA:41,7,1,0
BRDA:45,8,0,0
BRDA:45,8,1,0
BRDA:47,9,0,0
BRDA:47,9,1,0
BRDA:48,10,0,0
BRDA:48,10,1,0
BRDA:51,11,0,0
BRDA:51,11,1,0
BRDA:54,12,0,0
BRDA:54,12,1,0
BRDA:57,13,0,0
BRDA:57,13,1,0
BRDA:64,14,0,0
BRDA:64,14,1,0
BRDA:65,15,0,0
BRDA:65,15,1,0
BRDA:66,16,0,0
BRDA:66,16,1,0
BRDA:66,16,2,0
BRDA:69,17,0,0
BRDA:69,17,1,0
BRDA:73,18,0,0
BRDA:73,18,1,0
BRDA:73,18,2,0
BRDA:75,19,0,0
BRDA:75,19,1,0
BRDA:75,20,0,0
BRDA:75,20,1,0
BRDA:79,21,0,0
BRDA:79,21,1,0
BRDA:80,22,0,0
BRDA:80,22,1,0
BRDA:85,23,0,0
BRDA:85,23,1,0
BRDA:96,24,0,0
BRDA:96,24,1,0
BRDA:98,25,0,0
BRDA:98,25,1,0
BRDA:99,26,0,0
BRDA:99,26,1,0
BRDA:102,27,0,0
BRDA:102,27,1,0
BRDA:103,28,0,0
BRDA:103,28,1,0
BRDA:104,29,0,0
BRDA:104,29,1,0
BRDA:104,29,2,0
BRDA:108,30,0,0
BRDA:108,30,1,0
BRDA:109,31,0,0
BRDA:109,31,1,0
BRDA:116,32,0,0
BRDA:116,32,1,0
BRDA:116,32,2,0
BRDA:128,33,0,0
BRDA:128,33,1,0
BRDA:129,34,0,0
BRDA:129,34,1,0
BRF:74
BRH:0
end_of_record
TN:
SF:/Users/sselig/Library/CloudStorage/iCloud Drive/Documents/Professional/Job Search/Dough/dough/src/components/Dropdown.js
FN:9,(anonymous_0)
FN:9,RNSDropDown
FN:21,(anonymous_2)
FN:25,(anonymous_3)
FN:27,render
FN:53,adjustFrame
FN:60,renderRow
FNF:7
FNH:0
FNDA:0,(anonymous_0)
FNDA:0,RNSDropDown
FNDA:0,(anonymous_2)
FNDA:0,(anonymous_3)
FNDA:0,render
FNDA:0,adjustFrame
FNDA:0,renderRow
DA:1,0
DA:2,0
DA:3,0
DA:5,0
DA:7,0
DA:9,0
DA:18,0
DA:22,0
DA:23,0
DA:26,0
DA:27,0
DA:38,0
DA:39,0
DA:55,0
DA:57,0
DA:58,0
DA:60,0
DA:82,0
DA:85,0
DA:101,0
LF:20
LH:0
BRDA:67,0,0,0
BRDA:67,0,1,0
BRDA:69,1,0,0
BRDA:69,1,1,0
BRDA:69,2,0,0
BRDA:69,2,1,0
BRDA:74,3,0,0
BRDA:74,3,1,0
BRF:8
BRH:0
end_of_record
TN:
SF:/Users/sselig/Library/CloudStorage/iCloud Drive/Documents/Professional/Job Search/Dough/dough/src/components/GridRow.js
FN:13,renderPlaceholderViews
FN:14,(anonymous_1)
FN:19,(anonymous_2)
FN:19,GridRow
FN:19,render
FN:49,(anonymous_5)
FN:52,(anonymous_6)
FNF:7
FNH:0
FNDA:0,renderPlaceholderViews
FNDA:0,(anonymous_1)
FNDA:0,(anonymous_2)
FNDA:0,GridRow
FNDA:0,render
FNDA:0,(anonymous_5)
FNDA:0,(anonymous_6)
DA:1,0
DA:2,0
DA:3,0
DA:14,0
DA:19,0
DA:21,0
DA:22,0
DA:24,0
DA:30,0
DA:49,0
DA:50,0
DA:53,0
DA:54,0
DA:56,0
DA:57,0
DA:58,0
DA:59,0
DA:62,0
DA:63,0
DA:64,0
DA:69,0
DA:72,0
LF:22
LH:0
BRDA:49,0,0,0
BRDA:49,0,1,0
BRDA:49,1,0,0
BRDA:49,1,1,0
BRDA:56,2,0,0
BRDA:56,2,1,0
BRDA:56,3,0,0
BRDA:56,3,1,0
BRF:8
BRH:0
end_of_record
TN:
SF:/Users/sselig/Library/CloudStorage/iCloud Drive/Documents/Professional/Job Search/Dough/dough/src/components/RadioGroup.js
FN:7,RNSRadioGroup
FN:19,(anonymous_1)
FN:32,onPress
FNF:3
FNH:0
FNDA:0,RNSRadioGroup
FNDA:0,(anonymous_1)
FNDA:0,onPress
DA:1,0
DA:3,0
DA:5,0
DA:13,0
DA:14,0
DA:20,0
DA:21,0
DA:22,0
DA:24,0
DA:25,0
DA:27,0
DA:28,0
DA:30,0
DA:32,0
DA:66,0
LF:15
LH:0
BRDA:16,0,0,0
BRDA:16,0,1,0
BRDA:16,1,0,0
BRDA:16,1,1,0
BRDA:18,2,0,0
BRDA:18,2,1,0
BRDA:21,3,0,0
BRDA:21,3,1,0
BRDA:21,4,0,0
BRDA:21,4,1,0
BRDA:25,5,0,0
BRDA:25,5,1,0
BRDA:28,6,0,0
BRDA:28,6,1,0
BRDA:33,7,0,0
BRDA:33,7,1,0
BRDA:36,8,0,0
BRDA:36,8,1,0
BRDA:37,9,0,0
BRDA:37,9,1,0
BRDA:43,10,0,0
BRDA:43,10,1,0
BRDA:44,11,0,0
BRDA:44,11,1,0
BRDA:47,12,0,0
BRDA:47,12,1,0
BRDA:49,13,0,0
BRDA:49,13,1,0
BRDA:49,13,2,0
BRF:29
BRH:0
end_of_record
TN:
SF:/Users/sselig/Library/CloudStorage/iCloud Drive/Documents/Professional/Job Search/Dough/dough/src/components/SegmentedControl.js
FN:7,ownKeys
FN:7,(anonymous_1)
FN:7,_objectSpread
FN:7,(anonymous_3)
FN:7,(anonymous_4)
FN:16,RNSSegmentedControl
FN:24,(anonymous_6)
FN:31,onPress
FN:37,Segment
FNF:9
FNH:0
FNDA:0,ownKeys
FNDA:0,(anonymous_1)
FNDA:0,_objectSpread
FNDA:0,(anonymous_3)
FNDA:0,(anonymous_4)
FNDA:0,RNSSegmentedControl
FNDA:0,(anonymous_6)
FNDA:0,onPress
FNDA:0,Segment
DA:1,0
DA:6,0
DA:7,0
DA:16,0
DA:23,0
DA:24,0
DA:31,0
DA:34,0
DA:37,0
DA:39,0
DA:40,0
DA:43,0
DA:44,0
DA:46,0
DA:48,0
DA:49,0
DA:50,0
DA:53,0
DA:70,0
DA:72,0
DA:123,0
LF:21
LH:0
BRDA:7,0,0,0
BRDA:7,0,1,0
BRDA:7,1,0,0
BRDA:7,1,1,0
BRDA:7,2,0,0
BRDA:7,2,1,0
BRDA:7,3,0,0
BRDA:7,3,1,0
BRDA:7,4,0,0
BRDA:7,4,1,0
BRDA:39,5,0,0
BRDA:39,5,1,0
BRDA:43,6,0,0
BRDA:43,6,1,0
BRDA:43,7,0,0
BRDA:43,7,1,0
BRDA:46,8,0,0
BRDA:46,8,1,0
BRDA:49,9,0,0
BRDA:49,9,1,0
BRDA:60,10,0,0
BRDA:60,10,1,0
BRDA:61,11,0,0
BRDA:61,11,1,0
BRF:24
BRH:0
end_of_record
TN:
SF:/Users/sselig/Library/CloudStorage/iCloud Drive/Documents/Professional/Job Search/Dough/dough/src/components/StyledText.js
FN:6,applyGeneralStyles
FN:30,Text
FN:36,Title
FN:46,Caption
FNF:4
FNH:0
FNDA:0,applyGeneralStyles
FNDA:0,Text
FNDA:0,Title
FNDA:0,Caption
DA:1,0
DA:2,0
DA:4,0
DA:16,0
DA:17,0
DA:31,0
DA:33,0
DA:37,0
DA:43,0
DA:47,0
DA:53,0
DA:56,0
LF:12
LH:0
BRDA:18,0,0,0
BRDA:18,0,1,0
BRDA:19,1,0,0
BRDA:19,1,1,0
BRDA:20,2,0,0
BRDA:20,2,1,0
BRDA:21,3,0,0
BRDA:21,3,1,0
BRDA:22,4,0,0
BRDA:22,4,1,0
BRDA:23,5,0,0
BRDA:23,5,1,0
BRDA:24,6,0,0
BRDA:24,6,1,0
BRDA:25,7,0,0
BRDA:25,7,1,0
BRDA:26,8,0,0
BRDA:26,8,1,0
BRF:18
BRH:0
end_of_record
TN:
SF:/Users/sselig/Library/CloudStorage/iCloud Drive/Documents/Professional/Job Search/Dough/dough/src/components/TextInput.js
FN:4,ownKeys
FN:4,(anonymous_1)
FN:4,_objectSpread
FN:4,(anonymous_3)
FN:4,(anonymous_4)
FN:6,RNSTextInput
FNF:6
FNH:0
FNDA:0,ownKeys
FNDA:0,(anonymous_1)
FNDA:0,_objectSpread
FNDA:0,(anonymous_3)
FNDA:0,(anonymous_4)
FNDA:0,RNSTextInput
DA:1,0
DA:2,0
DA:4,0
DA:6,0
DA:12,0
DA:13,0
DA:20,0
DA:35,0
DA:37,0
DA:64,0
LF:10
LH:0
BRDA:4,0,0,0
BRDA:4,0,1,0
BRDA:4,1,0,0
BRDA:4,1,1,0
BRDA:4,2,0,0
BRDA:4,2,1,0
BRDA:4,3,0,0
BRDA:4,3,1,0
BRDA:4,4,0,0
BRDA:4,4,1,0
BRDA:15,5,0,0
BRDA:15,5,1,0
BRDA:16,6,0,0
BRDA:16,6,1,0
BRDA:17,7,0,0
BRDA:17,7,1,0
BRDA:23,8,0,0
BRDA:23,8,1,0
BRDA:28,9,0,0
BRDA:28,9,1,0
BRF:20
BRH:0
end_of_record
TN:
SF:/Users/sselig/Library/CloudStorage/iCloud Drive/Documents/Professional/Job Search/Dough/dough/src/components/index.js
FN:1,get
FN:1,get
FN:1,get
FN:1,get
FN:1,get
FN:1,get
FNF:6
FNH:0
FNDA:0,get
FNDA:0,get
FNDA:0,get
FNDA:0,get
FNDA:0,get
FNDA:0,get
DA:1,0
DA:2,0
DA:3,0
DA:4,0
DA:5,0
DA:6,0
DA:7,0
LF:7
LH:0
BRF:0
BRH:0
end_of_record
TN:
SF:/Users/sselig/Library/CloudStorage/iCloud Drive/Documents/Professional/Job Search/Dough/dough/src/modules/AppState.js
FN:1,ownKeys
FN:1,(anonymous_1)
FN:1,_objectSpread
FN:1,(anonymous_3)
FN:1,(anonymous_4)
FN:17,setAppOpened
FN:23,AppStateReducer
FNF:7
FNH:0
FNDA:0,ownKeys
FNDA:0,(anonymous_1)
FNDA:0,_objectSpread
FNDA:0,(anonymous_3)
FNDA:0,(anonymous_4)
FNDA:0,setAppOpened
FNDA:0,AppStateReducer
DA:1,0
DA:11,0
DA:12,0
DA:15,0
DA:18,0
DA:26,0
DA:27,0
DA:29,0
DA:34,0
LF:9
LH:0
BRDA:1,0,0,0
BRDA:1,0,1,0
BRDA:1,1,0,0
BRDA:1,1,1,0
BRDA:1,2,0,0
BRDA:1,2,1,0
BRDA:1,3,0,0
BRDA:1,3,1,0
BRDA:1,4,0,0
BRDA:1,4,1,0
BRDA:26,5,0,0
BRDA:26,5,1,0
BRDA:26,6,0,0
BRDA:26,6,1,0
BRDA:26,7,0,0
BRDA:26,7,1,0
BRDA:27,8,0,0
BRDA:27,8,1,0
BRF:18
BRH:0
end_of_record
TN:
SF:/Users/sselig/Library/CloudStorage/iCloud Drive/Documents/Professional/Job Search/Dough/dough/src/modules/AppView.js
FN:5,AppView
FN:6,onNavigationStateChange
FNF:2
FNH:0
FNDA:0,AppView
FNDA:0,onNavigationStateChange
DA:1,0
DA:3,0
DA:6,0
LF:3
LH:0
BRF:0
BRH:0
end_of_record
TN:
SF:/Users/sselig/Library/CloudStorage/iCloud Drive/Documents/Professional/Job Search/Dough/dough/src/modules/AppViewContainer.js
FN:8,componentWillMount
FNF:1
FNH:0
FNDA:0,componentWillMount
DA:1,0
DA:2,0
DA:4,0
DA:6,0
DA:9,0
DA:11,0
DA:16,0
LF:7
LH:0
BRDA:9,0,0,0
BRDA:9,0,1,0
BRDA:11,1,0,0
BRDA:11,1,1,0
BRF:4
BRH:0
end_of_record
TN:
SF:/Users/sselig/Library/CloudStorage/iCloud Drive/Documents/Professional/Job Search/Dough/dough/src/modules/availableInFullVersion/AvailableInFullVersionView.js
FN:14,AvailableInFullVersionScreen
FN:16,handleClick
FN:17,(anonymous_2)
FN:49,onPress
FN:58,onPress
FNF:5
FNH:0
FNDA:0,AvailableInFullVersionScreen
FNDA:0,handleClick
FNDA:0,(anonymous_2)
FNDA:0,onPress
FNDA:0,onPress
DA:1,0
DA:2,0
DA:11,0
DA:12,0
DA:15,0
DA:16,0
DA:17,0
DA:18,0
DA:19,0
DA:21,0
DA:26,0
DA:49,0
DA:58,0
DA:65,0
LF:14
LH:0
BRDA:18,0,0,0
BRDA:18,0,1,0
BRF:2
BRH:0
end_of_record
TN:
SF:/Users/sselig/Library/CloudStorage/iCloud Drive/Documents/Professional/Job Search/Dough/dough/src/modules/availableInFullVersion/AvailableInFullVersionViewContainer.js
FNF:0
FNH:0
DA:1,0
DA:2,0
DA:4,0
DA:6,0
LF:4
LH:0
BRF:0
BRH:0
end_of_record
TN:
SF:/Users/sselig/Library/CloudStorage/iCloud Drive/Documents/Professional/Job Search/Dough/dough/src/modules/calendar/CalendarState.js
FN:3,itemsLoaded
FN:11,randomNumber
FN:15,loadItems
FN:17,(anonymous_3)
FN:39,(anonymous_4)
FN:54,CalendarStateReducer
FNF:6
FNH:0
FNDA:0,itemsLoaded
FNDA:0,randomNumber
FNDA:0,loadItems
FNDA:0,(anonymous_3)
FNDA:0,(anonymous_4)
FNDA:0,CalendarStateReducer
DA:1,0
DA:4,0
DA:10,0
DA:11,0
DA:13,0
DA:17,0
DA:18,0
DA:20,0
DA:22,0
DA:23,0
DA:24,0
DA:25,0
DA:26,0
DA:27,0
DA:28,0
DA:29,0
DA:38,0
DA:39,0
DA:40,0
DA:43,0
DA:45,0
DA:49,0
DA:54,0
DA:55,0
DA:57,0
DA:62,0
LF:26
LH:0
BRDA:18,0,0,0
BRDA:18,0,1,0
BRDA:25,1,0,0
BRDA:25,1,1,0
BRDA:32,2,0,0
BRDA:32,2,1,0
BRDA:54,3,0,0
BRDA:54,3,1,0
BRDA:54,4,0,0
BRDA:54,4,1,0
BRDA:54,5,0,0
BRDA:54,5,1,0
BRDA:55,6,0,0
BRDA:55,6,1,0
BRF:14
BRH:0
end_of_record
TN:
SF:/Users/sselig/Library/CloudStorage/iCloud Drive/Documents/Professional/Job Search/Dough/dough/src/modules/calendar/CalendarView.js
FN:8,(anonymous_0)
FN:8,CalendarScreen
FN:8,rowHasChanged
FN:11,renderEmptyDate
FN:19,renderItem
FN:24,(anonymous_5)
FN:58,render
FNF:7
FNH:0
FNDA:0,(anonymous_0)
FNDA:0,CalendarScreen
FNDA:0,rowHasChanged
FNDA:0,renderEmptyDate
FNDA:0,renderItem
FNDA:0,(anonymous_5)
FNDA:0,render
DA:1,0
DA:2,0
DA:3,0
DA:4,0
DA:6,0
DA:8,0
DA:10,0
DA:14,0
DA:23,0
DA:24,0
DA:38,0
DA:61,0
DA:62,0
DA:79,0
DA:82,0
DA:105,0
LF:16
LH:0
BRDA:23,0,0,0
BRDA:23,0,1,0
BRDA:30,1,0,0
BRDA:30,1,1,0
BRF:4
BRH:0
end_of_record
TN:
SF:/Users/sselig/Library/CloudStorage/iCloud Drive/Documents/Professional/Job Search/Dough/dough/src/modules/calendar/CalendarViewContainer.js
FN:10,(anonymous_0)
FN:13,(anonymous_1)
FN:14,loadItems
FNF:3
FNH:0
FNDA:0,(anonymous_0)
FNDA:0,(anonymous_1)
FNDA:0,loadItems
DA:1,0
DA:2,0
DA:4,0
DA:6,0
DA:8,0
DA:10,0
DA:13,0
DA:14,0
DA:17,0
LF:9
LH:0
BRF:0
BRH:0
end_of_record
TN:
SF:/Users/sselig/Library/CloudStorage/iCloud Drive/Documents/Professional/Job Search/Dough/dough/src/modules/components/ComponentsView.js
FN:7,ownKeys
FN:7,(anonymous_1)
FN:7,_objectSpread
FN:7,(anonymous_3)
FN:7,(anonymous_4)
FN:9,ComponentsScreen
FN:22,onChange
FN:40,onChange
FN:54,onPress
FN:60,onPress
FN:67,onPress
FN:74,onPress
FN:81,onPress
FN:88,onPress
FN:96,onPress
FN:104,onPress
FN:117,onPress
FN:127,onPress
FN:137,onPress
FN:147,onPress
FN:157,onPress
FN:167,onPress
FN:340,onSelect
FNF:23
FNH:0
FNDA:0,ownKeys
FNDA:0,(anonymous_1)
FNDA:0,_objectSpread
FNDA:0,(anonymous_3)
FNDA:0,(anonymous_4)
FNDA:0,ComponentsScreen
FNDA:0,onChange
FNDA:0,onChange
FNDA:0,onPress
FNDA:0,onPress
FNDA:0,onPress
FNDA:0,onPress
FNDA:0,onPress
FNDA:0,onPress
FNDA:0,onPress
FNDA:0,onPress
FNDA:0,onPress
FNDA:0,onPress
FNDA:0,onPress
FNDA:0,onPress
FNDA:0,onPress
FNDA:0,onPress
FNDA:0,onSelect
DA:1,0
DA:2,0
DA:4,0
DA:5,0
DA:7,0
DA:10,0
DA:22,0
DA:40,0
DA:348,0
LF:9
LH:0
BRDA:7,0,0,0
BRDA:7,0,1,0
BRDA:7,1,0,0
BRDA:7,1,1,0
BRDA:7,2,0,0
BRDA:7,2,1,0
BRDA:7,3,0,0
BRDA:7,3,1,0
BRDA:7,4,0,0
BRDA:7,4,1,0
BRF:10
BRH:0
end_of_record
TN:
SF:/Users/sselig/Library/CloudStorage/iCloud Drive/Documents/Professional/Job Search/Dough/dough/src/modules/components/ComponentsViewContainer.js
FNF:0
FNH:0
DA:1,0
DA:3,0
DA:5,0
DA:7,0
LF:4
LH:0
BRF:0
BRH:0
end_of_record
TN:
SF:/Users/sselig/Library/CloudStorage/iCloud Drive/Documents/Professional/Job Search/Dough/dough/src/modules/gallery/GalleryState.js
FN:88,startImagesLoading
FN:92,imagesLoaded
FN:99,clearImages
FN:103,loadImages
FN:104,(anonymous_4)
FN:111,refreshImages
FN:112,(anonymous_6)
FN:120,GalleryStateReducer
FNF:8
FNH:0
FNDA:0,startImagesLoading
FNDA:0,imagesLoaded
FNDA:0,clearImages
FNDA:0,loadImages
FNDA:0,(anonymous_4)
FNDA:0,refreshImages
FNDA:0,(anonymous_6)
FNDA:0,GalleryStateReducer
DA:1,0
DA:77,0
DA:83,0
DA:84,0
DA:85,0
DA:89,0
DA:93,0
DA:100,0
DA:104,0
DA:105,0
DA:107,0
DA:112,0
DA:113,0
DA:114,0
DA:115,0
DA:120,0
DA:121,0
DA:123,0
DA:127,0
DA:132,0
DA:136,0
LF:21
LH:0
BRDA:120,0,0,0
BRDA:120,0,1,0
BRDA:120,1,0,0
BRDA:120,1,1,0
BRDA:120,2,0,0
BRDA:120,2,1,0
BRDA:120,3,0,0
BRDA:120,3,1,0
BRDA:121,4,0,0
BRDA:121,4,1,0
BRDA:121,4,2,0
BRDA:121,4,3,0
BRF:12
BRH:0
end_of_record
TN:
SF:/Users/sselig/Library/CloudStorage/iCloud Drive/Documents/Professional/Job Search/Dough/dough/src/modules/gallery/GalleryView.js
FN:8,GalleryScreen
FN:9,_keyExtractor
FN:12,_renderItem
FN:23,(anonymous_3)
FN:35,(anonymous_4)
FNF:5
FNH:0
FNDA:0,GalleryScreen
FNDA:0,_keyExtractor
FNDA:0,_renderItem
FNDA:0,(anonymous_3)
FNDA:0,(anonymous_4)
DA:1,0
DA:2,0
DA:3,0
DA:5,0
DA:6,0
DA:9,0
DA:12,0
DA:13,0
DA:14,0
DA:21,0
DA:23,0
DA:34,0
DA:35,0
DA:36,0
DA:37,0
DA:38,0
DA:41,0
DA:44,0
DA:56,0
LF:19
LH:0
BRDA:10,0,0,0
BRDA:10,0,1,0
BRDA:10,1,0,0
BRDA:10,1,1,0
BRDA:13,2,0,0
BRDA:13,2,1,0
BRDA:36,3,0,0
BRDA:36,3,1,0
BRDA:48,4,0,0
BRDA:48,4,1,0
BRF:10
BRH:0
end_of_record
TN:
SF:/Users/sselig/Library/CloudStorage/iCloud Drive/Documents/Professional/Job Search/Dough/dough/src/modules/gallery/GalleryViewContainer.js
FN:9,(anonymous_0)
FN:13,(anonymous_1)
FN:14,loadImages
FN:15,refreshImages
FN:19,componentDidMount
FNF:5
FNH:0
FNDA:0,(anonymous_0)
FNDA:0,(anonymous_1)
FNDA:0,loadImages
FNDA:0,refreshImages
FNDA:0,componentDidMount
DA:1,0
DA:2,0
DA:4,0
DA:5,0
DA:7,0
DA:9,0
DA:13,0
DA:14,0
DA:15,0
DA:20,0
DA:23,0
LF:11
LH:0
BRF:0
BRH:0
end_of_record
TN:
SF:/Users/sselig/Library/CloudStorage/iCloud Drive/Documents/Professional/Job Search/Dough/dough/src/modules/grids/GridsView.js
FN:14,ownKeys
FN:14,(anonymous_1)
FN:14,_objectSpread
FN:14,(anonymous_3)
FN:14,(anonymous_4)
FN:16,(anonymous_5)
FN:16,GridsScreen
FN:17,(anonymous_7)
FN:22,(anonymous_8)
FN:29,(anonymous_9)
FN:30,(anonymous_10)
FN:31,onPress
FN:61,(anonymous_12)
FN:65,onPress
FN:77,(anonymous_14)
FN:81,onPress
FN:113,render
FN:134,keyExtractor
FNF:18
FNH:0
FNDA:0,ownKeys
FNDA:0,(anonymous_1)
FNDA:0,_objectSpread
FNDA:0,(anonymous_3)
FNDA:0,(anonymous_4)
FNDA:0,(anonymous_5)
FNDA:0,GridsScreen
FNDA:0,(anonymous_7)
FNDA:0,(anonymous_8)
FNDA:0,(anonymous_9)
FNDA:0,(anonymous_10)
FNDA:0,onPress
FNDA:0,(anonymous_12)
FNDA:0,onPress
FNDA:0,(anonymous_14)
FNDA:0,onPress
FNDA:0,render
FNDA:0,keyExtractor
DA:1,0
DA:2,0
DA:12,0
DA:14,0
DA:16,0
DA:17,0
DA:19,0
DA:23,0
DA:27,0
DA:30,0
DA:31,0
DA:54,0
DA:59,0
DA:61,0
DA:65,0
DA:72,0
DA:77,0
DA:81,0
DA:113,0
DA:117,0
DA:119,0
DA:123,0
DA:134,0
DA:145,0
DA:148,0
LF:25
LH:0
BRDA:14,0,0,0
BRDA:14,0,1,0
BRDA:14,1,0,0
BRDA:14,1,1,0
BRDA:14,2,0,0
BRDA:14,2,1,0
BRDA:14,3,0,0
BRDA:14,3,1,0
BRDA:14,4,0,0
BRDA:14,4,1,0
BRDA:94,5,0,0
BRDA:94,5,1,0
BRDA:98,6,0,0
BRDA:98,6,1,0
BRDA:119,7,0,0
BRDA:119,7,1,0
BRDA:135,8,0,0
BRDA:135,8,1,0
BRDA:137,9,0,0
BRDA:137,9,1,0
BRDA:200,10,0,0
BRDA:200,10,1,0
BRF:22
BRH:0
end_of_record
TN:
SF:/Users/sselig/Library/CloudStorage/iCloud Drive/Documents/Professional/Job Search/Dough/dough/src/modules/grids/GridsViewContainer.js
FNF:0
FNH:0
DA:1,0
DA:3,0
DA:5,0
DA:129,0
DA:133,0
LF:5
LH:0
BRF:0
BRH:0
end_of_record
TN:
SF:/Users/sselig/Library/CloudStorage/iCloud Drive/Documents/Professional/Job Search/Dough/dough/src/modules/home/HomeView.js
FN:12,HomeScreen
FN:58,onPress
FNF:2
FNH:0
FNDA:0,HomeScreen
FNDA:0,onPress
DA:1,0
DA:2,0
DA:9,0
DA:10,0
DA:12,0
DA:24,0
DA:58,0
DA:75,0
LF:8
LH:0
BRDA:53,0,0,0
BRDA:53,0,1,0
BRDA:59,1,0,0
BRDA:59,1,1,0
BRDA:63,2,0,0
BRDA:63,2,1,0
BRF:6
BRH:0
end_of_record
TN:
SF:/Users/sselig/Library/CloudStorage/iCloud Drive/Documents/Professional/Job Search/Dough/dough/src/modules/home/HomeViewContainer.js
FNF:0
FNH:0
DA:1,0
DA:3,0
DA:5,0
DA:6,0
LF:4
LH:0
BRF:0
BRH:0
end_of_record
TN:
SF:/Users/sselig/Library/CloudStorage/iCloud Drive/Documents/Professional/Job Search/Dough/dough/src/modules/navigation/MainTabNavigator.js
FN:113,defaultNavigationOptions
FN:115,tabBarIcon
FNF:2
FNH:0
FNDA:0,defaultNavigationOptions
FNDA:0,tabBarIcon
DA:1,0
DA:2,0
DA:3,0
DA:4,0
DA:6,0
DA:8,0
DA:9,0
DA:10,0
DA:11,0
DA:12,0
DA:22,0
DA:59,0
DA:113,0
DA:115,0
DA:116,0
DA:118,0
DA:120,0
DA:121,0
DA:123,0
DA:124,0
DA:126,0
DA:127,0
DA:129,0
DA:130,0
DA:132,0
DA:133,0
DA:135,0
DA:137,0
DA:159,0
LF:29
LH:0
BRDA:118,0,0,0
BRDA:118,0,1,0
BRDA:118,0,2,0
BRDA:118,0,3,0
BRDA:118,0,4,0
BRDA:118,0,5,0
BRDA:142,1,0,0
BRDA:142,1,1,0
BRF:8
BRH:0
end_of_record
TN:
SF:/Users/sselig/Library/CloudStorage/iCloud Drive/Documents/Professional/Job Search/Dough/dough/src/modules/navigation/Navigator.js
FN:6,NavigatorView
FNF:1
FNH:0
FNDA:0,NavigatorView
DA:1,0
DA:4,0
DA:12,0
LF:3
LH:0
BRF:0
BRH:0
end_of_record
TN:
SF:/Users/sselig/Library/CloudStorage/iCloud Drive/Documents/Professional/Job Search/Dough/dough/src/modules/navigation/RootNavigation.js
FN:26,navigationOptions
FN:76,defaultNavigationOptions
FN:96,headerLeft
FNF:3
FNH:0
FNDA:0,navigationOptions
FNDA:0,defaultNavigationOptions
FNDA:0,headerLeft
DA:1,0
DA:2,0
DA:3,0
DA:5,0
DA:7,0
DA:16,0
DA:18,0
DA:22,0
DA:26,0
DA:76,0
DA:96,0
DA:116,0
LF:12
LH:0
BRF:0
BRH:0
end_of_record
TN:
SF:/Users/sselig/Library/CloudStorage/iCloud Drive/Documents/Professional/Job Search/Dough/dough/src/modules/pages/PagesView.js
FN:12,PagesScreen
FN:17,onPress
FN:28,onPress
FN:39,onPress
FN:52,onPress
FN:63,onPress
FN:73,onPress
FNF:7
FNH:0
FNDA:0,PagesScreen
FNDA:0,onPress
FNDA:0,onPress
FNDA:0,onPress
FNDA:0,onPress
FNDA:0,onPress
FNDA:0,onPress
DA:1,0
DA:2,0
DA:4,0
DA:13,0
DA:17,0
DA:28,0
DA:39,0
DA:52,0
DA:63,0
DA:86,0
LF:10
LH:0
BRF:0
BRH:0
end_of_record
TN:
SF:/Users/sselig/Library/CloudStorage/iCloud Drive/Documents/Professional/Job Search/Dough/dough/src/modules/pages/PagesViewContainer.js
FNF:0
FNH:0
DA:1,0
DA:2,0
DA:4,0
DA:6,0
LF:4
LH:0
BRF:0
BRH:0
end_of_record
TN:
SF:/Users/sselig/Library/CloudStorage/iCloud Drive/Documents/Professional/Job Search/Dough/dough/src/redux/reducer.js
FNF:0
FNH:0
DA:1,0
DA:4,0
DA:5,0
DA:6,0
DA:8,0
DA:12,0
LF:6
LH:0
BRF:0
BRH:0
end_of_record
TN:
SF:/Users/sselig/Library/CloudStorage/iCloud Drive/Documents/Professional/Job Search/Dough/dough/src/redux/store.js
FN:14,predicate
FNF:1
FNH:0
FNDA:0,predicate
DA:1,0
DA:2,0
DA:3,0
DA:4,0
DA:5,0
DA:6,0
DA:8,0
DA:14,0
DA:21,0
DA:27,0
DA:29,0
DA:35,0
DA:36,0
DA:37,0
LF:14
LH:0
BRDA:21,0,0,0
BRDA:21,0,1,0
BRDA:21,0,2,0
BRDA:21,0,3,0
BRF:4
BRH:0
end_of_record
TN:
SF:/Users/sselig/Library/CloudStorage/iCloud Drive/Documents/Professional/Job Search/Dough/dough/src/styles/colors.js
FNF:0
FNH:0
DA:1,0
DA:23,0
LF:2
LH:0
BRF:0
BRH:0
end_of_record
TN:
SF:/Users/sselig/Library/CloudStorage/iCloud Drive/Documents/Professional/Job Search/Dough/dough/src/styles/common.js
FNF:0
FNH:0
DA:1,0
DA:3,0
DA:5,0
DA:9,0
LF:4
LH:0
BRF:0
BRH:0
end_of_record
TN:
SF:/Users/sselig/Library/CloudStorage/iCloud Drive/Documents/Professional/Job Search/Dough/dough/src/styles/fonts.js
FNF:0
FNH:0
DA:1,0
DA:5,0
LF:2
LH:0
BRF:0
BRH:0
end_of_record
TN:
SF:/Users/sselig/Library/CloudStorage/iCloud Drive/Documents/Professional/Job Search/Dough/dough/src/styles/index.js
FN:1,get
FN:1,get
FN:1,get
FN:9,ownKeys
FN:9,(anonymous_4)
FN:9,_objectSpread
FN:9,(anonymous_6)
FN:9,(anonymous_7)
FN:125,scale
FNF:9
FNH:0
FNDA:0,get
FNDA:0,get
FNDA:0,get
FNDA:0,ownKeys
FNDA:0,(anonymous_4)
FNDA:0,_objectSpread
FNDA:0,(anonymous_6)
FNDA:0,(anonymous_7)
FNDA:0,scale
DA:1,0
DA:4,0
DA:5,0
DA:7,0
DA:8,0
DA:9,0
DA:11,0
DA:14,0
DA:16,0
DA:18,0
DA:121,0
DA:123,0
DA:125,0
LF:13
LH:0
BRDA:9,0,0,0
BRDA:9,0,1,0
BRDA:9,1,0,0
BRDA:9,1,1,0
BRDA:9,2,0,0
BRDA:9,2,1,0
BRDA:9,3,0,0
BRDA:9,3,1,0
BRDA:9,4,0,0
BRDA:9,4,1,0
BRF:10
BRH:0
end_of_record
TN:
SF:/Users/sselig/Library/CloudStorage/iCloud Drive/Documents/Professional/Job Search/Dough/dough/src/translations/index.js
FNF:0
FNH:0
DA:1,0
DA:2,0
DA:4,0
DA:5,0
DA:7,0
DA:9,0
DA:11,0
DA:13,0
DA:14,0
DA:15,0
DA:17,0
LF:11
LH:0
BRDA:9,0,0,0
BRDA:9,0,1,0
BRF:2
BRH:0
end_of_record
